This is pdfTeX, Version 3.14159265-2.6-1.40.18 (TeX Live 2017/Debian) (preloaded format=pdflatex 2019.4.9)  12 MAY 2019 23:56
entering extended mode
 restricted \write18 enabled.
 %&-line parsing enabled.
**Plantilla.tex
(./Plantilla.tex
LaTeX2e <2017-04-15>
Babel <3.18> and hyphenation patterns for 84 language(s) loaded.
(/usr/share/texlive/texmf-dist/tex/latex/base/book.cls
Document Class: book 2014/09/29 v1.4h Standard LaTeX document class
(/usr/share/texlive/texmf-dist/tex/latex/base/bk10.clo
File: bk10.clo 2014/09/29 v1.4h Standard LaTeX file (size option)
)
\c@part=\count79
\c@chapter=\count80
\c@section=\count81
\c@subsection=\count82
\c@subsubsection=\count83
\c@paragraph=\count84
\c@subparagraph=\count85
\c@figure=\count86
\c@table=\count87
\abovecaptionskip=\skip41
\belowcaptionskip=\skip42
\bibindent=\dimen102
)
(/usr/share/texlive/texmf-dist/tex/generic/babel/babel.sty
Package: babel 2018/02/14 3.18 The Babel package

(/usr/share/texlive/texmf-dist/tex/generic/babel/switch.def
File: switch.def 2018/02/14 3.18 Babel switching mechanism
)
(/usr/share/texlive/texmf-dist/tex/generic/babel-spanish/spanish.ldf
Language: spanish.ldf 2016/03/03 v5.0p Spanish support from the babel system

(/usr/share/texlive/texmf-dist/tex/generic/babel/babel.def
File: babel.def 2018/02/14 3.18 Babel common definitions
\babel@savecnt=\count88
\U@D=\dimen103

(/usr/share/texlive/texmf-dist/tex/generic/babel/txtbabel.def)
\bbl@dirlevel=\count89
)
\es@quottoks=\toks14
\es@quotdepth=\count90
Package babel Info: Making " an active character on input line 561.
Package babel Info: Making . an active character on input line 662.
Package babel Info: Making < an active character on input line 707.
Package babel Info: Making > an active character on input line 707.
))
(/usr/share/texlive/texmf-dist/tex/latex/base/inputenc.sty
Package: inputenc 2015/03/17 v1.2c Input encoding file
\inpenc@prehook=\toks15
\inpenc@posthook=\toks16

(/usr/share/texlive/texmf-dist/tex/latex/base/latin1.def
File: latin1.def 2015/03/17 v1.2c Input encoding file
))
(/usr/share/texlive/texmf-dist/tex/latex/titlesec/titlesec.sty
Package: titlesec 2016/03/21 v2.10.2 Sectioning titles
\ttl@box=\box26
\beforetitleunit=\skip43
\aftertitleunit=\skip44
\ttl@plus=\dimen104
\ttl@minus=\dimen105
\ttl@toksa=\toks17
\titlewidth=\dimen106
\titlewidthlast=\dimen107
\titlewidthfirst=\dimen108
)
(/usr/share/texlive/texmf-dist/tex/latex/tools/enumerate.sty
Package: enumerate 2015/07/23 v3.00 enumerate extensions (DPC)
\@enLab=\toks18
)
(/usr/share/texlive/texmf-dist/tex/latex/anysize/anysize.sty
Package: anysize 1994/08/13 setting margin sizes

document style option `anysize' loaded
Michael Salzenberg, Thomas Esser, Dirk Hillbrecht
Version 1.0, Aug 13, 1994
\@Leftmargin=\dimen109
\@Rightmargin=\dimen110
\@Topmargin=\dimen111
\@Bottommargin=\dimen112
) (/usr/share/texlive/texmf-dist/tex/latex/graphics/graphicx.sty
Package: graphicx 2017/06/01 v1.1a Enhanced LaTeX Graphics (DPC,SPQR)

(/usr/share/texlive/texmf-dist/tex/latex/graphics/keyval.sty
Package: keyval 2014/10/28 v1.15 key=value parser (DPC)
\KV@toks@=\toks19
)
(/usr/share/texlive/texmf-dist/tex/latex/graphics/graphics.sty
Package: graphics 2017/06/25 v1.2c Standard LaTeX Graphics (DPC,SPQR)

(/usr/share/texlive/texmf-dist/tex/latex/graphics/trig.sty
Package: trig 2016/01/03 v1.10 sin cos tan (DPC)
)
(/usr/share/texlive/texmf-dist/tex/latex/graphics-cfg/graphics.cfg
File: graphics.cfg 2016/06/04 v1.11 sample graphics configuration
)
Package graphics Info: Driver file: pdftex.def on input line 99.

(/usr/share/texlive/texmf-dist/tex/latex/graphics-def/pdftex.def
File: pdftex.def 2018/01/08 v1.0l Graphics/color driver for pdftex
))
\Gin@req@height=\dimen113
\Gin@req@width=\dimen114
)
(/usr/share/texlive/texmf-dist/tex/latex/amsmath/amsmath.sty
Package: amsmath 2017/09/02 v2.17a AMS math features
\@mathmargin=\skip45

For additional information on amsmath, use the `?' option.
(/usr/share/texlive/texmf-dist/tex/latex/amsmath/amstext.sty
Package: amstext 2000/06/29 v2.01 AMS text

(/usr/share/texlive/texmf-dist/tex/latex/amsmath/amsgen.sty
File: amsgen.sty 1999/11/30 v2.0 generic functions
\@emptytoks=\toks20
\ex@=\dimen115
))
(/usr/share/texlive/texmf-dist/tex/latex/amsmath/amsbsy.sty
Package: amsbsy 1999/11/29 v1.2d Bold Symbols
\pmbraise@=\dimen116
)
(/usr/share/texlive/texmf-dist/tex/latex/amsmath/amsopn.sty
Package: amsopn 2016/03/08 v2.02 operator names
)
\inf@bad=\count91
LaTeX Info: Redefining \frac on input line 213.
\uproot@=\count92
\leftroot@=\count93
LaTeX Info: Redefining \overline on input line 375.
\classnum@=\count94
\DOTSCASE@=\count95
LaTeX Info: Redefining \ldots on input line 472.
LaTeX Info: Redefining \dots on input line 475.
LaTeX Info: Redefining \cdots on input line 596.
\Mathstrutbox@=\box27
\strutbox@=\box28
\big@size=\dimen117
LaTeX Font Info:    Redeclaring font encoding OML on input line 712.
LaTeX Font Info:    Redeclaring font encoding OMS on input line 713.
\macc@depth=\count96
\c@MaxMatrixCols=\count97
\dotsspace@=\muskip10
\c@parentequation=\count98
\dspbrk@lvl=\count99
\tag@help=\toks21
\row@=\count100
\column@=\count101
\maxfields@=\count102
\andhelp@=\toks22
\eqnshift@=\dimen118
\alignsep@=\dimen119
\tagshift@=\dimen120
\tagwidth@=\dimen121
\totwidth@=\dimen122
\lineht@=\dimen123
\@envbody=\toks23
\multlinegap=\skip46
\multlinetaggap=\skip47
\mathdisplay@stack=\toks24
LaTeX Info: Redefining \[ on input line 2817.
LaTeX Info: Redefining \] on input line 2818.
)
(/usr/share/texlive/texmf-dist/tex/latex/caption/caption.sty
Package: caption 2016/02/21 v3.3-144 Customizing captions (AR)

(/usr/share/texlive/texmf-dist/tex/latex/caption/caption3.sty
Package: caption3 2016/05/22 v1.7-166 caption3 kernel (AR)
Package caption3 Info: TeX engine: e-TeX on input line 67.
\captionmargin=\dimen124
\captionmargin@=\dimen125
\captionwidth=\dimen126
\caption@tempdima=\dimen127
\caption@indent=\dimen128
\caption@parindent=\dimen129
\caption@hangindent=\dimen130
)
\c@ContinuedFloat=\count103
)
(/usr/share/texlive/texmf-dist/tex/latex/caption/subcaption.sty
Package: subcaption 2016/05/22 v1.1-161 Sub-captions (AR)
\c@subfigure=\count104
\c@subtable=\count105
)
(/usr/share/texlive/texmf-dist/tex/latex/tocbibind/tocbibind.sty
Package: tocbibind 2010/10/13 v1.5k extra ToC listings
Package tocbibind Info: The document has chapter divisions on input line 50.


Package tocbibind Note: Using chapter style headings, unless overridden.

) (/usr/share/texlive/texmf-dist/tex/latex/float/float.sty
Package: float 2001/11/08 v1.3d Float enhancements (AL)
\c@float@type=\count106
\float@exts=\toks25
\float@box=\box29
\@float@everytoks=\toks26
\@floatcapt=\box30
)
(/usr/share/texlive/texmf-dist/tex/latex/fancyhdr/fancyhdr.sty
Package: fancyhdr 2017/06/30 v3.9a Extensive control of page headers and footer
s
\f@nch@headwidth=\skip48
\f@nch@O@elh=\skip49
\f@nch@O@erh=\skip50
\f@nch@O@olh=\skip51
\f@nch@O@orh=\skip52
\f@nch@O@elf=\skip53
\f@nch@O@erf=\skip54
\f@nch@O@olf=\skip55
\f@nch@O@orf=\skip56
)
(/usr/share/texlive/texmf-dist/tex/latex/graphics/color.sty
Package: color 2016/07/10 v1.1e Standard LaTeX Color (DPC)

(/usr/share/texlive/texmf-dist/tex/latex/graphics-cfg/color.cfg
File: color.cfg 2016/01/02 v1.6 sample color configuration
)
Package color Info: Driver file: pdftex.def on input line 147.
)
(/usr/share/texlive/texmf-dist/tex/latex/soul/soul.sty
Package: soul 2003/11/17 v2.4 letterspacing/underlining (mf)
\SOUL@word=\toks27
\SOUL@lasttoken=\toks28
\SOUL@cmds=\toks29
\SOUL@buffer=\toks30
\SOUL@token=\toks31
\SOUL@spaceskip=\skip57
\SOUL@ttwidth=\dimen131
\SOUL@uldp=\dimen132
\SOUL@ulht=\dimen133
)
(/usr/share/texlive/texmf-dist/tex/latex/amsfonts/amsfonts.sty
Package: amsfonts 2013/01/14 v3.01 Basic AMSFonts support
\symAMSa=\mathgroup4
\symAMSb=\mathgroup5
LaTeX Font Info:    Overwriting math alphabet `\mathfrak' in version `bold'
(Font)                  U/euf/m/n --> U/euf/b/n on input line 106.
)
(/usr/share/texlive/texmf-dist/tex/latex/cite/cite.sty
LaTeX Info: Redefining \cite on input line 302.
LaTeX Info: Redefining \nocite on input line 332.
Package: cite 2015/02/27  v 5.5
)
(/usr/share/texlive/texmf-dist/tex/latex/url/url.sty
\Urlmuskip=\muskip11
Package: url 2013/09/16  ver 3.4  Verb mode for urls, etc.
)
(/usr/share/texlive/texmf-dist/tex/latex/colortbl/colortbl.sty
Package: colortbl 2012/02/13 v1.0a Color table columns (DPC)

(/usr/share/texlive/texmf-dist/tex/latex/tools/array.sty
Package: array 2016/10/06 v2.4d Tabular extension package (FMi)
\col@sep=\dimen134
\extrarowheight=\dimen135
\NC@list=\toks32
\extratabsurround=\skip58
\backup@length=\skip59
)
\everycr=\toks33
\minrowclearance=\skip60
)
(/usr/share/texlive/texmf-dist/tex/latex/algorithms/algorithm.sty
Package: algorithm 2009/08/24 v0.1 Document Style `algorithm' - floating enviro
nment

(/usr/share/texlive/texmf-dist/tex/latex/base/ifthen.sty
Package: ifthen 2014/09/29 v1.1c Standard LaTeX ifthen package (DPC)
)
\@float@every@algorithm=\toks34
\c@algorithm=\count107
)
(/usr/share/texlive/texmf-dist/tex/latex/algorithms/algorithmic.sty
Package: algorithmic 2009/08/24 v0.1 Document Style `algorithmic'
\c@ALC@unique=\count108
\c@ALC@line=\count109
\c@ALC@rem=\count110
\c@ALC@depth=\count111
\ALC@tlm=\skip61
\algorithmicindent=\skip62
)
(/usr/share/texlive/texmf-dist/tex/latex/multirow/multirow.sty
Package: multirow 2016/11/25 v2.2 Span multiple rows of a table
\multirow@colwidth=\skip63
\multirow@cntb=\count112
\multirow@dima=\skip64
\bigstrutjot=\dimen136
)
(/usr/share/texlive/texmf-dist/tex/latex/booktabs/booktabs.sty
Package: booktabs 2016/04/27 v1.618033 publication quality tables
\heavyrulewidth=\dimen137
\lightrulewidth=\dimen138
\cmidrulewidth=\dimen139
\belowrulesep=\dimen140
\belowbottomsep=\dimen141
\aboverulesep=\dimen142
\abovetopsep=\dimen143
\cmidrulesep=\dimen144
\cmidrulekern=\dimen145
\defaultaddspace=\dimen146
\@cmidla=\count113
\@cmidlb=\count114
\@aboverulesep=\dimen147
\@belowrulesep=\dimen148
\@thisruleclass=\count115
\@lastruleclass=\count116
\@thisrulewidth=\dimen149
)
(/usr/share/texlive/texmf-dist/tex/latex/amsfonts/amssymb.sty
Package: amssymb 2013/01/14 v3.01 AMS font symbols
)
(/usr/share/texlive/texmf-dist/tex/latex/xcolor/xcolor.sty
Package: xcolor 2016/05/11 v2.12 LaTeX color extensions (UK)

(/usr/share/texlive/texmf-dist/tex/latex/graphics-cfg/color.cfg
File: color.cfg 2016/01/02 v1.6 sample color configuration
)
Package xcolor Info: Driver file: pdftex.def on input line 225.
LaTeX Info: Redefining \color on input line 709.
\rownum=\count117
Package xcolor Info: Model `cmy' substituted by `cmy0' on input line 1348.
Package xcolor Info: Model `hsb' substituted by `rgb' on input line 1352.
Package xcolor Info: Model `RGB' extended on input line 1364.
Package xcolor Info: Model `HTML' substituted by `rgb' on input line 1366.
Package xcolor Info: Model `Hsb' substituted by `hsb' on input line 1367.
Package xcolor Info: Model `tHsb' substituted by `hsb' on input line 1368.
Package xcolor Info: Model `HSB' substituted by `hsb' on input line 1369.
Package xcolor Info: Model `Gray' substituted by `gray' on input line 1370.
Package xcolor Info: Model `wave' substituted by `hsb' on input line 1371.
)
(./config/codeConf.tex
(/usr/share/texlive/texmf-dist/tex/latex/upquote/upquote.sty
Package: upquote 2012/04/19 v1.3 upright-quote and grave-accent glyphs in verba
tim
)
(/usr/share/texlive/texmf-dist/tex/latex/listings/listings.sty
\lst@mode=\count118
\lst@gtempboxa=\box31
\lst@token=\toks35
\lst@length=\count119
\lst@currlwidth=\dimen150
\lst@column=\count120
\lst@pos=\count121
\lst@lostspace=\dimen151
\lst@width=\dimen152
\lst@newlines=\count122
\lst@lineno=\count123
\lst@maxwidth=\dimen153

(/usr/share/texlive/texmf-dist/tex/latex/listings/lstmisc.sty
File: lstmisc.sty 2015/06/04 1.6 (Carsten Heinz)
\c@lstnumber=\count124
\lst@skipnumbers=\count125
\lst@framebox=\box32
)
(/usr/share/texlive/texmf-dist/tex/latex/listings/listings.cfg
File: listings.cfg 2015/06/04 1.6 listings configuration
))
Package: listings 2015/06/04 1.6 (Carsten Heinz)

(/usr/share/texlive/texmf-dist/tex/latex/listings/lstlang1.sty
File: lstlang1.sty 2015/06/04 1.6 listings language file
)
(/usr/share/texlive/texmf-dist/tex/latex/listings/lstmisc.sty
File: lstmisc.sty 2015/06/04 1.6 (Carsten Heinz)
))
(./Plantilla.aux
LaTeX Info: Redefining \. on input line 6.
LaTeX Info: Redefining \% on input line 6.


LaTeX Warning: Label `fig_DEntidadRelComp' multiply defined.

)
\openout1 = `Plantilla.aux'.

LaTeX Font Info:    Checking defaults for OML/cmm/m/it on input line 31.
LaTeX Font Info:    ... okay on input line 31.
LaTeX Font Info:    Checking defaults for T1/cmr/m/n on input line 31.
LaTeX Font Info:    ... okay on input line 31.
LaTeX Font Info:    Checking defaults for OT1/cmr/m/n on input line 31.
LaTeX Font Info:    ... okay on input line 31.
LaTeX Font Info:    Checking defaults for OMS/cmsy/m/n on input line 31.
LaTeX Font Info:    ... okay on input line 31.
LaTeX Font Info:    Checking defaults for OMX/cmex/m/n on input line 31.
LaTeX Font Info:    ... okay on input line 31.
LaTeX Font Info:    Checking defaults for U/cmr/m/n on input line 31.
LaTeX Font Info:    ... okay on input line 31.
LaTeX Info: Redefining \. on input line 31.
LaTeX Info: Redefining \% on input line 31.
 (/usr/share/texlive/texmf-dist/tex/context/base/mkii/supp-pdf.mkii
[Loading MPS to PDF converter (version 2006.09.02).]
\scratchcounter=\count126
\scratchdimen=\dimen154
\scratchbox=\box33
\nofMPsegments=\count127
\nofMParguments=\count128
\everyMPshowfont=\toks36
\MPscratchCnt=\count129
\MPscratchDim=\dimen155
\MPnumerator=\count130
\makeMPintoPDFobject=\count131
\everyMPtoPDFconversion=\toks37
) (/usr/share/texlive/texmf-dist/tex/latex/oberdiek/epstopdf-base.sty
Package: epstopdf-base 2016/05/15 v2.6 Base part for package epstopdf

(/usr/share/texlive/texmf-dist/tex/generic/oberdiek/infwarerr.sty
Package: infwarerr 2016/05/16 v1.4 Providing info/warning/error messages (HO)
)
(/usr/share/texlive/texmf-dist/tex/latex/oberdiek/grfext.sty
Package: grfext 2016/05/16 v1.2 Manage graphics extensions (HO)

(/usr/share/texlive/texmf-dist/tex/generic/oberdiek/kvdefinekeys.sty
Package: kvdefinekeys 2016/05/16 v1.4 Define keys (HO)

(/usr/share/texlive/texmf-dist/tex/generic/oberdiek/ltxcmds.sty
Package: ltxcmds 2016/05/16 v1.23 LaTeX kernel commands for general use (HO)
)))
(/usr/share/texlive/texmf-dist/tex/latex/oberdiek/kvoptions.sty
Package: kvoptions 2016/05/16 v3.12 Key value format for package options (HO)

(/usr/share/texlive/texmf-dist/tex/generic/oberdiek/kvsetkeys.sty
Package: kvsetkeys 2016/05/16 v1.17 Key value parser (HO)

(/usr/share/texlive/texmf-dist/tex/generic/oberdiek/etexcmds.sty
Package: etexcmds 2016/05/16 v1.6 Avoid name clashes with e-TeX commands (HO)

(/usr/share/texlive/texmf-dist/tex/generic/oberdiek/ifluatex.sty
Package: ifluatex 2016/05/16 v1.4 Provides the ifluatex switch (HO)
Package ifluatex Info: LuaTeX not detected.
)
Package etexcmds Info: Could not find \expanded.
(etexcmds)             That can mean that you are not using pdfTeX 1.50 or
(etexcmds)             that some package has redefined \expanded.
(etexcmds)             In the latter case, load this package earlier.
)))
(/usr/share/texlive/texmf-dist/tex/generic/oberdiek/pdftexcmds.sty
Package: pdftexcmds 2018/01/21 v0.26 Utility functions of pdfTeX for LuaTeX (HO
)

(/usr/share/texlive/texmf-dist/tex/generic/oberdiek/ifpdf.sty
Package: ifpdf 2017/03/15 v3.2 Provides the ifpdf switch
)
Package pdftexcmds Info: LuaTeX not detected.
Package pdftexcmds Info: \pdf@primitive is available.
Package pdftexcmds Info: \pdf@ifprimitive is available.
Package pdftexcmds Info: \pdfdraftmode found.
)
Package epstopdf-base Info: Redefining graphics rule for `.eps' on input line 4
38.
Package grfext Info: Graphics extension search list:
(grfext)             [.pdf,.png,.jpg,.mps,.jpeg,.jbig2,.jb2,.PDF,.PNG,.JPG,.JPE
G,.JBIG2,.JB2,.eps]
(grfext)             \AppendGraphicsExtensions on input line 456.

(/usr/share/texlive/texmf-dist/tex/latex/latexconfig/epstopdf-sys.cfg
File: epstopdf-sys.cfg 2010/07/13 v1.3 Configuration of (r)epstopdf for TeX Liv
e
))
Package caption Info: Begin \AtBeginDocument code.
Package caption Info: float package is loaded.
Package caption Info: listings package is loaded.
Package caption Info: End \AtBeginDocument code.

(/usr/share/texlive/texmf-dist/tex/latex/base/textcomp.sty
Package: textcomp 2017/04/05 v2.0i Standard LaTeX package
Package textcomp Info: Sub-encoding information:
(textcomp)               5 = only ISO-Adobe without \textcurrency
(textcomp)               4 = 5 + \texteuro
(textcomp)               3 = 4 + \textohm
(textcomp)               2 = 3 + \textestimated + \textcurrency
(textcomp)               1 = TS1 - \textcircled - \t
(textcomp)               0 = TS1 (full)
(textcomp)             Font families with sub-encoding setting implement
(textcomp)             only a restricted character set as indicated.
(textcomp)             Family '?' is the default used for unknown fonts.
(textcomp)             See the documentation for details.
Package textcomp Info: Setting ? sub-encoding to TS1/1 on input line 79.

(/usr/share/texlive/texmf-dist/tex/latex/base/ts1enc.def
File: ts1enc.def 2001/06/05 v3.0e (jk/car/fm) Standard LaTeX file
)
LaTeX Info: Redefining \oldstylenums on input line 334.
Package textcomp Info: Setting cmr sub-encoding to TS1/0 on input line 349.
Package textcomp Info: Setting cmss sub-encoding to TS1/0 on input line 350.
Package textcomp Info: Setting cmtt sub-encoding to TS1/0 on input line 351.
Package textcomp Info: Setting cmvtt sub-encoding to TS1/0 on input line 352.
Package textcomp Info: Setting cmbr sub-encoding to TS1/0 on input line 353.
Package textcomp Info: Setting cmtl sub-encoding to TS1/0 on input line 354.
Package textcomp Info: Setting ccr sub-encoding to TS1/0 on input line 355.
Package textcomp Info: Setting ptm sub-encoding to TS1/4 on input line 356.
Package textcomp Info: Setting pcr sub-encoding to TS1/4 on input line 357.
Package textcomp Info: Setting phv sub-encoding to TS1/4 on input line 358.
Package textcomp Info: Setting ppl sub-encoding to TS1/3 on input line 359.
Package textcomp Info: Setting pag sub-encoding to TS1/4 on input line 360.
Package textcomp Info: Setting pbk sub-encoding to TS1/4 on input line 361.
Package textcomp Info: Setting pnc sub-encoding to TS1/4 on input line 362.
Package textcomp Info: Setting pzc sub-encoding to TS1/4 on input line 363.
Package textcomp Info: Setting bch sub-encoding to TS1/4 on input line 364.
Package textcomp Info: Setting put sub-encoding to TS1/5 on input line 365.
Package textcomp Info: Setting uag sub-encoding to TS1/5 on input line 366.
Package textcomp Info: Setting ugq sub-encoding to TS1/5 on input line 367.
Package textcomp Info: Setting ul8 sub-encoding to TS1/4 on input line 368.
Package textcomp Info: Setting ul9 sub-encoding to TS1/4 on input line 369.
Package textcomp Info: Setting augie sub-encoding to TS1/5 on input line 370.
Package textcomp Info: Setting dayrom sub-encoding to TS1/3 on input line 371.
Package textcomp Info: Setting dayroms sub-encoding to TS1/3 on input line 372.

Package textcomp Info: Setting pxr sub-encoding to TS1/0 on input line 373.
Package textcomp Info: Setting pxss sub-encoding to TS1/0 on input line 374.
Package textcomp Info: Setting pxtt sub-encoding to TS1/0 on input line 375.
Package textcomp Info: Setting txr sub-encoding to TS1/0 on input line 376.
Package textcomp Info: Setting txss sub-encoding to TS1/0 on input line 377.
Package textcomp Info: Setting txtt sub-encoding to TS1/0 on input line 378.
Package textcomp Info: Setting lmr sub-encoding to TS1/0 on input line 379.
Package textcomp Info: Setting lmdh sub-encoding to TS1/0 on input line 380.
Package textcomp Info: Setting lmss sub-encoding to TS1/0 on input line 381.
Package textcomp Info: Setting lmssq sub-encoding to TS1/0 on input line 382.
Package textcomp Info: Setting lmvtt sub-encoding to TS1/0 on input line 383.
Package textcomp Info: Setting lmtt sub-encoding to TS1/0 on input line 384.
Package textcomp Info: Setting qhv sub-encoding to TS1/0 on input line 385.
Package textcomp Info: Setting qag sub-encoding to TS1/0 on input line 386.
Package textcomp Info: Setting qbk sub-encoding to TS1/0 on input line 387.
Package textcomp Info: Setting qcr sub-encoding to TS1/0 on input line 388.
Package textcomp Info: Setting qcs sub-encoding to TS1/0 on input line 389.
Package textcomp Info: Setting qpl sub-encoding to TS1/0 on input line 390.
Package textcomp Info: Setting qtm sub-encoding to TS1/0 on input line 391.
Package textcomp Info: Setting qzc sub-encoding to TS1/0 on input line 392.
Package textcomp Info: Setting qhvc sub-encoding to TS1/0 on input line 393.
Package textcomp Info: Setting futs sub-encoding to TS1/4 on input line 394.
Package textcomp Info: Setting futx sub-encoding to TS1/4 on input line 395.
Package textcomp Info: Setting futj sub-encoding to TS1/4 on input line 396.
Package textcomp Info: Setting hlh sub-encoding to TS1/3 on input line 397.
Package textcomp Info: Setting hls sub-encoding to TS1/3 on input line 398.
Package textcomp Info: Setting hlst sub-encoding to TS1/3 on input line 399.
Package textcomp Info: Setting hlct sub-encoding to TS1/5 on input line 400.
Package textcomp Info: Setting hlx sub-encoding to TS1/5 on input line 401.
Package textcomp Info: Setting hlce sub-encoding to TS1/5 on input line 402.
Package textcomp Info: Setting hlcn sub-encoding to TS1/5 on input line 403.
Package textcomp Info: Setting hlcw sub-encoding to TS1/5 on input line 404.
Package textcomp Info: Setting hlcf sub-encoding to TS1/5 on input line 405.
Package textcomp Info: Setting pplx sub-encoding to TS1/3 on input line 406.
Package textcomp Info: Setting pplj sub-encoding to TS1/3 on input line 407.
Package textcomp Info: Setting ptmx sub-encoding to TS1/4 on input line 408.
Package textcomp Info: Setting ptmj sub-encoding to TS1/4 on input line 409.
)
\c@lstlisting=\count132

(./config/spanishAlgorithmic.tex) (./config/config.tex (./Portada/portada.tex
<logo.PNG, id=1, 764.10469pt x 85.82062pt>
File: logo.PNG Graphic file (type png)
<use logo.PNG>
Package pdftex.def Info: logo.PNG  used on input line 5.
(pdftex.def)             Requested size: 455.2484pt x 56.90497pt.
<logo_carrera.PNG, id=3, 252.945pt x 106.89937pt>
File: logo_carrera.PNG Graphic file (type png)
<use logo_carrera.PNG>
Package pdftex.def Info: logo_carrera.PNG  used on input line 45.
(pdftex.def)             Requested size: 170.71892pt x 71.13121pt.

[1


{/var/lib/texmf/fonts/map/pdftex/updmap/pdftex.map} <./logo.PNG> <./logo_carrer
a.PNG>]) [2]) (./Plantilla.toc
LaTeX Info: Redefining \. on input line 1.
LaTeX Info: Redefining \% on input line 1.


LaTeX Font Warning: Font shape `OT1/cmr/bx/sc' undefined
(Font)              using `OT1/cmr/bx/n' instead on input line 2.


Package spanish Warning: Replacing `OT1/cmr/bx/sc' by 
(spanish)                faked small caps on input line 2.


Package spanish Warning: Replacing `OT1/cmr/bx/sc' by 
(spanish)                faked small caps on input line 3.

LaTeX Font Info:    Try loading font information for U+msa on input line 6.
(/usr/share/texlive/texmf-dist/tex/latex/amsfonts/umsa.fd
File: umsa.fd 2013/01/14 v3.01 AMS symbols A
)
LaTeX Font Info:    Try loading font information for U+msb on input line 6.

(/usr/share/texlive/texmf-dist/tex/latex/amsfonts/umsb.fd
File: umsb.fd 2013/01/14 v3.01 AMS symbols B
)

LaTeX Font Warning: Font shape `OT1/cmss/m/sc' in size <10> not available
(Font)              Font shape `OT1/cmr/m/sc' tried instead on input line 52.

[1

])
\tf@toc=\write3
\openout3 = `Plantilla.toc'.

 [2] (./Plantilla.lof
LaTeX Info: Redefining \. on input line 1.
LaTeX Info: Redefining \% on input line 1.
 [3

])
\tf@lof=\write4
\openout4 = `Plantilla.lof'.

 [4] (./Plantilla.lot
LaTeX Info: Redefining \. on input line 1.
LaTeX Info: Redefining \% on input line 1.
)
\tf@lot=\write5
\openout5 = `Plantilla.lot'.

 [5

]
(./1.Introduccion/introduccion.tex
Cap\'{\i }tulo 1.

Underfull \hbox (badness 10000) in paragraph at lines 2--10

 []


Underfull \hbox (badness 10000) in paragraph at lines 11--12

 []


Underfull \hbox (badness 10000) in paragraph at lines 13--14

 []


Underfull \hbox (badness 10000) in paragraph at lines 15--16

 []


Underfull \hbox (badness 10000) in paragraph at lines 17--18

 []


Underfull \hbox (badness 10000) in paragraph at lines 26--27

 []

[1

]
Underfull \hbox (badness 10000) in paragraph at lines 28--29

 []


Underfull \hbox (badness 10000) in paragraph at lines 30--31

 []


Underfull \hbox (badness 10000) in paragraph at lines 32--33

 []


Underfull \hbox (badness 10000) in paragraph at lines 34--35

 []


Underfull \hbox (badness 10000) in paragraph at lines 43--44

 []

) (./2.Generalidades/generalidades.tex [2]
Cap\'{\i }tulo 2.

Underfull \hbox (badness 10000) in paragraph at lines 25--26

 []

[3

]
<figuras/croquis.PNG, id=48, 630.85687pt x 397.485pt>
File: figuras/croquis.PNG Graphic file (type png)
<use figuras/croquis.PNG>
Package pdftex.def Info: figuras/croquis.PNG  used on input line 40.
(pdftex.def)             Requested size: 398.33716pt x 256.0817pt.
LaTeX Font Info:    Try loading font information for TS1+cmr on input line 53.
 (/usr/share/texlive/texmf-dist/tex/latex/base/ts1cmr.fd
File: ts1cmr.fd 2014/09/29 v2.5h Standard LaTeX font definitions
) [4 <./figuras/croquis.PNG>]
<figuras/organigrama.jpg, id=54, 990.099pt x 567.5604pt>
File: figuras/organigrama.jpg Graphic file (type jpg)
<use figuras/organigrama.jpg>
Package pdftex.def Info: figuras/organigrama.jpg  used on input line 65.
(pdftex.def)             Requested size: 398.32895pt x 256.08397pt.

Overfull \hbox (1.35841pt too wide) in paragraph at lines 72--73
[]\OT1/cmr/m/n/10 El de-par-ta-men-to en-car-ga-do del desa-rro-llo del Si-sis-
te-ma In-te-gral de In-di-ca-do-res es la Sub-di-rec-ci^^Son Acad^^Semi-
 []

[5 <./figuras/organigrama.jpg>]
Underfull \hbox (badness 10000) in paragraph at lines 95--96

 []


Underfull \hbox (badness 10000) in paragraph at lines 97--98

 []

) (./3.FundaTeo/fundateo.tex [6]
Cap\'{\i }tulo 3.

Underfull \hbox (badness 10000) in paragraph at lines 9--10

 []

[7

]

LaTeX Warning: `h' float specifier changed to `ht'.


Underfull \hbox (badness 10000) in paragraph at lines 68--69

 []


Underfull \hbox (badness 10000) in paragraph at lines 70--71

 []


Underfull \hbox (badness 10000) in paragraph at lines 72--73

 []


Underfull \hbox (badness 10000) in paragraph at lines 74--75

 []


Underfull \hbox (badness 10000) in paragraph at lines 76--78

 []


Underfull \hbox (badness 10000) in paragraph at lines 80--81

 []


Underfull \hbox (badness 10000) in paragraph at lines 82--83

 []

[8]
Underfull \hbox (badness 10000) in paragraph at lines 94--95

 []

[9]
<figuras/clienteservidor.pdf, id=71, 548.52652pt x 221.30853pt>
File: figuras/clienteservidor.pdf Graphic file (type pdf)
<use figuras/clienteservidor.pdf>
Package pdftex.def Info: figuras/clienteservidor.pdf  used on input line 109.
(pdftex.def)             Requested size: 455.26015pt x 199.1792pt.

Underfull \hbox (badness 10000) in paragraph at lines 119--120

 []


Underfull \hbox (badness 10000) in paragraph at lines 121--122

 []


Underfull \hbox (badness 10000) in paragraph at lines 123--124

 []


Underfull \hbox (badness 10000) in paragraph at lines 125--126

 []


Underfull \hbox (badness 10000) in paragraph at lines 127--128

 []

[10 <./figuras/clienteservidor.pdf>]
Underfull \hbox (badness 10000) in paragraph at lines 129--130

 []


Underfull \hbox (badness 10000) in paragraph at lines 131--132

 []


Underfull \hbox (badness 10000) in paragraph at lines 133--134

 []


Underfull \hbox (badness 10000) in paragraph at lines 147--148

 []


Underfull \hbox (badness 10000) in paragraph at lines 149--150

 []


Underfull \hbox (badness 10000) in paragraph at lines 156--157

 []

[11]
Underfull \hbox (badness 10000) in paragraph at lines 158--159

 []


Underfull \hbox (badness 10000) in paragraph at lines 166--167

 []


Underfull \hbox (badness 10000) in paragraph at lines 168--169

 []


Underfull \hbox (badness 10000) in paragraph at lines 170--171

 []


Underfull \hbox (badness 10000) in paragraph at lines 182--183

 []

[12]
Underfull \hbox (badness 10000) in paragraph at lines 184--185

 []


Underfull \hbox (badness 10000) in paragraph at lines 186--187

 []


Underfull \hbox (badness 10000) in paragraph at lines 188--189

 []

[13]
Underfull \hbox (badness 10000) in paragraph at lines 207--208

 []


Underfull \hbox (badness 10000) in paragraph at lines 209--210

 []


Underfull \hbox (badness 10000) in paragraph at lines 215--216

 []


Underfull \hbox (badness 10000) in paragraph at lines 217--218

 []

[14]
Underfull \hbox (badness 10000) in paragraph at lines 223--224

 []


Underfull \hbox (badness 10000) in paragraph at lines 234--235

 []

[15]
Underfull \hbox (badness 10000) in paragraph at lines 236--237

 []


Underfull \hbox (badness 10000) in paragraph at lines 248--249

 []


Underfull \hbox (badness 10000) in paragraph at lines 250--251

 []


Underfull \hbox (badness 10000) in paragraph at lines 261--262

 []


Underfull \hbox (badness 10000) in paragraph at lines 263--264

 []


Underfull \hbox (badness 10000) in paragraph at lines 267--268

 []


Underfull \hbox (badness 10000) in paragraph at lines 269--270

 []


Underfull \hbox (badness 10000) in paragraph at lines 275--276

 []

[16]
Underfull \hbox (badness 10000) in paragraph at lines 277--278

 []

[17]
Underfull \hbox (badness 10000) in paragraph at lines 299--300

 []


Underfull \hbox (badness 10000) in paragraph at lines 301--302

 []


Underfull \hbox (badness 10000) in paragraph at lines 303--304

 []


Underfull \hbox (badness 10000) in paragraph at lines 309--310

 []


Underfull \hbox (badness 10000) in paragraph at lines 311--312

 []


Underfull \hbox (badness 10000) in paragraph at lines 313--314

 []


Underfull \hbox (badness 10000) in paragraph at lines 315--316

 []


Underfull \hbox (badness 10000) in paragraph at lines 317--318

 []


Underfull \hbox (badness 10000) in paragraph at lines 319--320

 []


Underfull \hbox (badness 10000) in paragraph at lines 331--332

 []

[18]
<figuras/MVC.pdf, id=103, 613.99059pt x 370.96928pt>
File: figuras/MVC.pdf Graphic file (type pdf)
<use figuras/MVC.pdf>
Package pdftex.def Info: figuras/MVC.pdf  used on input line 367.
(pdftex.def)             Requested size: 455.25468pt x 284.54907pt.
 [19]
Underfull \hbox (badness 10000) in paragraph at lines 389--390

 []

[20 <./figuras/MVC.pdf>]
Underfull \hbox (badness 10000) in paragraph at lines 391--392

 []


Underfull \hbox (badness 10000) in paragraph at lines 403--404

 []


Underfull \hbox (badness 10000) in paragraph at lines 414--415

 []

[21]
Underfull \hbox (badness 10000) in paragraph at lines 472--473

 []

[22]
Overfull \hbox (12.49702pt too wide) in paragraph at lines 482--489
 [][] 
 []


Underfull \hbox (badness 10000) in paragraph at lines 493--494

 []


Underfull \hbox (badness 10000) in paragraph at lines 495--496

 []

[23]
Underfull \hbox (badness 10000) in paragraph at lines 541--542

 []

[24]
Underfull \hbox (badness 10000) in paragraph at lines 543--544

 []


Underfull \hbox (badness 10000) in paragraph at lines 564--565

 []

[25]
Underfull \hbox (badness 10000) in paragraph at lines 577--578

 []


Underfull \hbox (badness 10000) in paragraph at lines 599--600

 []


Underfull \hbox (badness 10000) in paragraph at lines 601--602

 []


Underfull \hbox (badness 10000) in paragraph at lines 603--604

 []

[26] [27]) (./4.Desarollo/desarrollo.tex [28]
Cap\'{\i }tulo 4.

Underfull \hbox (badness 10000) in paragraph at lines 6--7

 []


Underfull \hbox (badness 10000) in paragraph at lines 20--21

 []


Underfull \hbox (badness 10000) in paragraph at lines 22--23

 []

[29

]
Underfull \hbox (badness 10000) in paragraph at lines 37--38

 []


Underfull \hbox (badness 10000) in paragraph at lines 39--40

 []


Underfull \hbox (badness 10000) in paragraph at lines 63--64

 []


Underfull \hbox (badness 10000) in paragraph at lines 65--66

 []


Underfull \hbox (badness 10000) in paragraph at lines 67--68

 []


Underfull \hbox (badness 10000) in paragraph at lines 71--72

 []

[30]
Underfull \hbox (badness 10000) in paragraph at lines 109--110

 []

[31]
Underfull \hbox (badness 10000) in paragraph at lines 111--112

 []


Underfull \hbox (badness 10000) in paragraph at lines 113--114

 []


Underfull \hbox (badness 10000) in paragraph at lines 117--118

 []


Underfull \hbox (badness 10000) in paragraph at lines 119--120

 []


Underfull \hbox (badness 10000) in paragraph at lines 123--124

 []


Underfull \hbox (badness 10000) in paragraph at lines 129--130

 []


Underfull \hbox (badness 10000) in paragraph at lines 140--141

 []


Underfull \hbox (badness 10000) in paragraph at lines 142--143

 []

<figuras/ConfiguracionIndicadores.pdf, id=148, 699.41293pt x 365.365pt>
File: figuras/ConfiguracionIndicadores.pdf Graphic file (type pdf)
<use figuras/ConfiguracionIndicadores.pdf>
Package pdftex.def Info: figuras/ConfiguracionIndicadores.pdf  used on input li
ne 146.
(pdftex.def)             Requested size: 455.24268pt x 241.84967pt.
[32]
Underfull \hbox (badness 10000) in paragraph at lines 169--170

 []


Underfull \hbox (badness 10000) in paragraph at lines 171--172

 []

<figuras/ProcesoIndicadores.pdf, id=152, 699.41293pt x 365.365pt>
File: figuras/ProcesoIndicadores.pdf Graphic file (type pdf)
<use figuras/ProcesoIndicadores.pdf>
Package pdftex.def Info: figuras/ProcesoIndicadores.pdf  used on input line 177
.
(pdftex.def)             Requested size: 455.24268pt x 241.84967pt.
[33 <./figuras/ConfiguracionIndicadores.pdf>] [34 <./figuras/ProcesoIndicadores
.pdf>]
Overfull \hbox (4.26515pt too wide) in paragraph at lines 210--211
\OT1/cmr/m/n/10 fun-cio-nes pa-ra-me-tri-za-bles, las cua-les se podr^^San ac-c
e-der con la si-guien-te no-men-cla-tu-ra NOM-BRE[]FUNCION
 []


Underfull \hbox (badness 10000) in paragraph at lines 241--242

 []

<figuras/DEntidadRel.pdf, id=163, 480.265pt x 237.0707pt>
File: figuras/DEntidadRel.pdf Graphic file (type pdf)
<use figuras/DEntidadRel.pdf>
Package pdftex.def Info: figuras/DEntidadRel.pdf  used on input line 247.
(pdftex.def)             Requested size: 455.25252pt x 241.85591pt.
[35]
<figuras/DEntidadRelComp.pdf, id=167, 364.40358pt x 237.0707pt>
File: figuras/DEntidadRelComp.pdf Graphic file (type pdf)
<use figuras/DEntidadRelComp.pdf>
Package pdftex.def Info: figuras/DEntidadRelComp.pdf  used on input line 264.
(pdftex.def)             Requested size: 455.27539pt x 241.85591pt.
 [36 <./figuras/DEntidadRel.pdf>]
<figuras/Relacional.pdf, id=174, 710.61125pt x 416.71327pt>
File: figuras/Relacional.pdf Graphic file (type pdf)
<use figuras/Relacional.pdf>
Package pdftex.def Info: figuras/Relacional.pdf  used on input line 275.
(pdftex.def)             Requested size: 455.24506pt x 241.85283pt.

Underfull \vbox (badness 2460) has occurred while \output is active []

 [37 <./figuras/DEntidadRelComp.pdf> <./figuras/Relacional.pdf

pdfTeX warning: pdflatex (file ./figuras/Relacional.pdf): PDF inclusion: multip
le pdfs with page group included in a single page
>]
Underfull \vbox (badness 10000) has occurred while \output is active []

 [38]
[39]
Underfull \hbox (badness 10000) in paragraph at lines 432--433

 []


Underfull \hbox (badness 10000) in paragraph at lines 434--435

 []


Underfull \hbox (badness 10000) in paragraph at lines 438--439

 []


Underfull \hbox (badness 10000) in paragraph at lines 447--448

 []

) (./5.PrueRes/pruebas.tex [40] [41]
Cap\'{\i }tulo 5.

Underfull \hbox (badness 10000) in paragraph at lines 2--3

 []

<figuras/principal.PNG, id=196, 991.45406pt x 646.66594pt>
File: figuras/principal.PNG Graphic file (type png)
<use figuras/principal.PNG>
Package pdftex.def Info: figuras/principal.PNG  used on input line 29.
(pdftex.def)             Requested size: 455.24234pt x 270.29535pt.

Underfull \vbox (badness 2027) has occurred while \output is active []

 [42

]
Underfull \hbox (badness 10000) in paragraph at lines 34--35

 []


Underfull \hbox (badness 10000) in paragraph at lines 36--37

 []


LaTeX Warning: No positions in optional float specifier.
               Default added (so using `tbp') on input line 45.

<figuras/principali.PNG, id=201, 989.94844pt x 648.17157pt>
File: figuras/principali.PNG Graphic file (type png)
<use figuras/principali.PNG>
Package pdftex.def Info: figuras/principali.PNG  used on input line 47.
(pdftex.def)             Requested size: 455.24586pt x 270.30159pt.
<figuras/Departamentos.PNG, id=202, 989.19562pt x 549.55313pt>
File: figuras/Departamentos.PNG Graphic file (type png)
<use figuras/Departamentos.PNG>
Package pdftex.def Info: figuras/Departamentos.PNG  used on input line 58.
(pdftex.def)             Requested size: 455.23174pt x 270.30641pt.

Underfull \vbox (badness 6510) has occurred while \output is active []

 [43 <./figuras/principal.PNG>]
Underfull \vbox (badness 10000) has occurred while \output is active []

 [44 <./figuras/principali.PNG> <./figuras/Departamentos.PNG>]
<figuras/DepartamentosCrear.PNG, id=212, 991.45406pt x 548.80031pt>
File: figuras/DepartamentosCrear.PNG Graphic file (type png)
<use figuras/DepartamentosCrear.PNG>
Package pdftex.def Info: figuras/DepartamentosCrear.PNG  used on input line 78.

(pdftex.def)             Requested size: 455.24234pt x 270.30458pt.
<figuras/DepartamentosValida.PNG, id=213, 991.45406pt x 548.0475pt>
File: figuras/DepartamentosValida.PNG Graphic file (type png)
<use figuras/DepartamentosValida.PNG>
Package pdftex.def Info: figuras/DepartamentosValida.PNG  used on input line 94
.
(pdftex.def)             Requested size: 455.24234pt x 270.30174pt.
 [45 <./figuras/DepartamentosCrear.PNG>]
Underfull \hbox (badness 10000) in paragraph at lines 99--100

 []


LaTeX Warning: No positions in optional float specifier.
               Default added (so using `tbp') on input line 101.

<figuras/DepartamentosGraba.PNG, id=218, 991.45406pt x 548.0475pt>
File: figuras/DepartamentosGraba.PNG Graphic file (type png)
<use figuras/DepartamentosGraba.PNG>
Package pdftex.def Info: figuras/DepartamentosGraba.PNG  used on input line 103
.
(pdftex.def)             Requested size: 455.24234pt x 270.30174pt.

Underfull \hbox (badness 10000) in paragraph at lines 108--109

 []


LaTeX Warning: No positions in optional float specifier.
               Default added (so using `tbp') on input line 110.

<figuras/DepartamentosTabla.PNG, id=219, 989.94844pt x 549.55313pt>
File: figuras/DepartamentosTabla.PNG Graphic file (type png)
<use figuras/DepartamentosTabla.PNG>
Package pdftex.def Info: figuras/DepartamentosTabla.PNG  used on input line 112
.
(pdftex.def)             Requested size: 455.24586pt x 270.30641pt.

LaTeX Warning: No positions in optional float specifier.
               Default added (so using `tbp') on input line 121.

<figuras/DepartamentosActualiza.PNG, id=220, 990.70125pt x 548.0475pt>
File: figuras/DepartamentosActualiza.PNG Graphic file (type png)
<use figuras/DepartamentosActualiza.PNG>
Package pdftex.def Info: figuras/DepartamentosActualiza.PNG  used on input line
 123.
(pdftex.def)             Requested size: 455.24437pt x 270.30174pt.

Underfull \hbox (badness 10000) in paragraph at lines 130--131

 []


Underfull \hbox (badness 10000) in paragraph at lines 130--131

 []


Underfull \hbox (badness 10000) in paragraph at lines 130--131

 []


Underfull \hbox (badness 10000) in paragraph at lines 130--131

 []


Underfull \hbox (badness 10000) in paragraph at lines 130--131

 []


LaTeX Warning: No positions in optional float specifier.
               Default added (so using `tbp') on input line 132.

<figuras/DepartamentosElimina.PNG, id=221, 991.45406pt x 548.80031pt>
File: figuras/DepartamentosElimina.PNG Graphic file (type png)
<use figuras/DepartamentosElimina.PNG>
Package pdftex.def Info: figuras/DepartamentosElimina.PNG  used on input line 1
34.
(pdftex.def)             Requested size: 455.24234pt x 270.30458pt.
<figuras/Formulas.PNG, id=222, 989.94844pt x 547.2947pt>
File: figuras/Formulas.PNG Graphic file (type png)
<use figuras/Formulas.PNG>
Package pdftex.def Info: figuras/Formulas.PNG  used on input line 153.
(pdftex.def)             Requested size: 455.24586pt x 270.30626pt.
[46 <./figuras/DepartamentosValida.PNG>] [47 <./figuras/DepartamentosGraba.PNG>
 <./figuras/DepartamentosTabla.PNG>] [48 <./figuras/DepartamentosActualiza.PNG>
 <./figuras/DepartamentosElimina.PNG>]
Underfull \hbox (badness 10000) in paragraph at lines 169--170

 []


LaTeX Warning: No positions in optional float specifier.
               Default added (so using `tbp') on input line 171.

<figuras/FormulasCrear.PNG, id=238, 991.45406pt x 549.55313pt>
File: figuras/FormulasCrear.PNG Graphic file (type png)
<use figuras/FormulasCrear.PNG>
Package pdftex.def Info: figuras/FormulasCrear.PNG  used on input line 173.
(pdftex.def)             Requested size: 455.24234pt x 270.30641pt.

Underfull \hbox (badness 10000) in paragraph at lines 185--186

 []


LaTeX Warning: No positions in optional float specifier.
               Default added (so using `tbp') on input line 187.

<figuras/FormulaValida.PNG, id=239, 991.45406pt x 548.0475pt>
File: figuras/FormulaValida.PNG Graphic file (type png)
<use figuras/FormulaValida.PNG>
Package pdftex.def Info: figuras/FormulaValida.PNG  used on input line 189.
(pdftex.def)             Requested size: 455.24234pt x 270.30174pt.

Underfull \hbox (badness 10000) in paragraph at lines 194--195

 []

[49 <./figuras/Formulas.PNG>] [50 <./figuras/FormulasCrear.PNG> <./figuras/Form
ulaValida.PNG>]

LaTeX Warning: No positions in optional float specifier.
               Default added (so using `tbp') on input line 196.

<figuras/FormulasGraba.PNG, id=249, 990.70125pt x 546.54187pt>
File: figuras/FormulasGraba.PNG Graphic file (type png)
<use figuras/FormulasGraba.PNG>
Package pdftex.def Info: figuras/FormulasGraba.PNG  used on input line 198.
(pdftex.def)             Requested size: 455.24437pt x 270.30138pt.

Underfull \hbox (badness 10000) in paragraph at lines 203--204

 []


LaTeX Warning: No positions in optional float specifier.
               Default added (so using `tbp') on input line 205.

<figuras/FormulasTabla.PNG, id=250, 989.94844pt x 548.0475pt>
File: figuras/FormulasTabla.PNG Graphic file (type png)
<use figuras/FormulasTabla.PNG>
Package pdftex.def Info: figuras/FormulasTabla.PNG  used on input line 207.
(pdftex.def)             Requested size: 455.24586pt x 270.30174pt.

LaTeX Warning: No positions in optional float specifier.
               Default added (so using `tbp') on input line 216.

<figuras/FormulasActualiza.PNG, id=251, 990.70125pt x 547.2947pt>
File: figuras/FormulasActualiza.PNG Graphic file (type png)
<use figuras/FormulasActualiza.PNG>
Package pdftex.def Info: figuras/FormulasActualiza.PNG  used on input line 218.

(pdftex.def)             Requested size: 455.24437pt x 270.30626pt.

Underfull \hbox (badness 10000) in paragraph at lines 225--226

 []


LaTeX Warning: No positions in optional float specifier.
               Default added (so using `tbp') on input line 227.

<figuras/FormulasElimina.PNG, id=252, 989.94844pt x 548.0475pt>
File: figuras/FormulasElimina.PNG Graphic file (type png)
<use figuras/FormulasElimina.PNG>
Package pdftex.def Info: figuras/FormulasElimina.PNG  used on input line 229.
(pdftex.def)             Requested size: 455.24586pt x 270.30174pt.

Underfull \hbox (badness 10000) in paragraph at lines 243--244

 []


Underfull \vbox (badness 2635) has occurred while \output is active []

 [51 <./figuras/FormulasGraba.PNG>] [52 <./figuras/FormulasTabla.PNG> <./figura
s/FormulasActualiza.PNG>]

LaTeX Warning: No positions in optional float specifier.
               Default added (so using `tbp') on input line 246.

<figuras/Colecciones.PNG, id=262, 991.45406pt x 547.2947pt>
File: figuras/Colecciones.PNG Graphic file (type png)
<use figuras/Colecciones.PNG>
Package pdftex.def Info: figuras/Colecciones.PNG  used on input line 248.
(pdftex.def)             Requested size: 455.24234pt x 270.30626pt.

Underfull \hbox (badness 10000) in paragraph at lines 265--266

 []


LaTeX Warning: No positions in optional float specifier.
               Default added (so using `tbp') on input line 267.

<figuras/ColeccionesCrear.PNG, id=263, 989.94844pt x 547.2947pt>
File: figuras/ColeccionesCrear.PNG Graphic file (type png)
<use figuras/ColeccionesCrear.PNG>
Package pdftex.def Info: figuras/ColeccionesCrear.PNG  used on input line 269.
(pdftex.def)             Requested size: 455.24586pt x 270.30626pt.

Underfull \hbox (badness 10000) in paragraph at lines 281--282

 []

[53 <./figuras/FormulasElimina.PNG>] [54 <./figuras/Colecciones.PNG> <./figuras
/ColeccionesCrear.PNG>]

LaTeX Warning: No positions in optional float specifier.
               Default added (so using `tbp') on input line 283.

<figuras/ColeccionesValida.PNG, id=274, 990.70125pt x 548.0475pt>
File: figuras/ColeccionesValida.PNG Graphic file (type png)
<use figuras/ColeccionesValida.PNG>
Package pdftex.def Info: figuras/ColeccionesValida.PNG  used on input line 285.

(pdftex.def)             Requested size: 455.24437pt x 270.30174pt.

Underfull \hbox (badness 10000) in paragraph at lines 290--291

 []


LaTeX Warning: No positions in optional float specifier.
               Default added (so using `tbp') on input line 292.

<figuras/ColeccionesGraba.PNG, id=275, 989.94844pt x 548.80031pt>
File: figuras/ColeccionesGraba.PNG Graphic file (type png)
<use figuras/ColeccionesGraba.PNG>
Package pdftex.def Info: figuras/ColeccionesGraba.PNG  used on input line 294.
(pdftex.def)             Requested size: 455.24586pt x 270.30458pt.

Underfull \hbox (badness 10000) in paragraph at lines 299--300

 []


LaTeX Warning: No positions in optional float specifier.
               Default added (so using `tbp') on input line 301.

<figuras/ColeccionesTabla.PNG, id=276, 987.69pt x 547.2947pt>
File: figuras/ColeccionesTabla.PNG Graphic file (type png)
<use figuras/ColeccionesTabla.PNG>
Package pdftex.def Info: figuras/ColeccionesTabla.PNG  used on input line 303.
(pdftex.def)             Requested size: 455.2321pt x 270.30626pt.

LaTeX Warning: No positions in optional float specifier.
               Default added (so using `tbp') on input line 312.

<figuras/ColeccionesActualiza.PNG, id=277, 990.70125pt x 548.0475pt>
File: figuras/ColeccionesActualiza.PNG Graphic file (type png)
<use figuras/ColeccionesActualiza.PNG>
Package pdftex.def Info: figuras/ColeccionesActualiza.PNG  used on input line 3
14.
(pdftex.def)             Requested size: 455.24437pt x 270.30174pt.

Underfull \hbox (badness 10000) in paragraph at lines 321--322

 []


LaTeX Warning: No positions in optional float specifier.
               Default added (so using `tbp') on input line 323.

<figuras/ColeccionesElimina.PNG, id=278, 989.19562pt x 548.0475pt>
File: figuras/ColeccionesElimina.PNG Graphic file (type png)
<use figuras/ColeccionesElimina.PNG>
Package pdftex.def Info: figuras/ColeccionesElimina.PNG  used on input line 325
.
(pdftex.def)             Requested size: 455.23174pt x 270.30174pt.

Underfull \vbox (badness 1248) has occurred while \output is active []

 [55 <./figuras/ColeccionesValida.PNG>] [56 <./figuras/ColeccionesGraba.PNG> <.
/figuras/ColeccionesTabla.PNG>] [57 <./figuras/ColeccionesActualiza.PNG> <./fig
uras/ColeccionesElimina.PNG>]

LaTeX Warning: No positions in optional float specifier.
               Default added (so using `tbp') on input line 334.

<figuras/ColeccionesDetalle.PNG, id=293, 990.70125pt x 548.80031pt>
File: figuras/ColeccionesDetalle.PNG Graphic file (type png)
<use figuras/ColeccionesDetalle.PNG>
Package pdftex.def Info: figuras/ColeccionesDetalle.PNG  used on input line 336
.
(pdftex.def)             Requested size: 455.24437pt x 270.30458pt.

Underfull \hbox (badness 10000) in paragraph at lines 349--350

 []


LaTeX Warning: No positions in optional float specifier.
               Default added (so using `tbp') on input line 351.

<figuras/ColeccionesDetalleAgregar.PNG, id=294, 989.19562pt x 548.0475pt>
File: figuras/ColeccionesDetalleAgregar.PNG Graphic file (type png)
<use figuras/ColeccionesDetalleAgregar.PNG>
Package pdftex.def Info: figuras/ColeccionesDetalleAgregar.PNG  used on input l
ine 353.
(pdftex.def)             Requested size: 455.23174pt x 270.30174pt.

LaTeX Warning: No positions in optional float specifier.
               Default added (so using `tbp') on input line 360.

<figuras/ColeccionesDetalleGrabar.PNG, id=295, 990.70125pt x 548.80031pt>
File: figuras/ColeccionesDetalleGrabar.PNG Graphic file (type png)
<use figuras/ColeccionesDetalleGrabar.PNG>
Package pdftex.def Info: figuras/ColeccionesDetalleGrabar.PNG  used on input li
ne 362.
(pdftex.def)             Requested size: 455.24437pt x 270.30458pt.

LaTeX Warning: No positions in optional float specifier.
               Default added (so using `tbp') on input line 367.

<figuras/ColeccionesDetalleTabla.PNG, id=296, 990.70125pt x 548.0475pt>
File: figuras/ColeccionesDetalleTabla.PNG Graphic file (type png)
<use figuras/ColeccionesDetalleTabla.PNG>
Package pdftex.def Info: figuras/ColeccionesDetalleTabla.PNG  used on input lin
e 369.
(pdftex.def)             Requested size: 455.24437pt x 270.30174pt.

LaTeX Warning: No positions in optional float specifier.
               Default added (so using `tbp') on input line 378.

<figuras/ColeccionesDetalleEliminar.PNG, id=297, 989.94844pt x 547.2947pt>
File: figuras/ColeccionesDetalleEliminar.PNG Graphic file (type png)
<use figuras/ColeccionesDetalleEliminar.PNG>
Package pdftex.def Info: figuras/ColeccionesDetalleEliminar.PNG  used on input 
line 380.
(pdftex.def)             Requested size: 455.24586pt x 270.30626pt.
<figuras/Procesos.PNG, id=298, 990.70125pt x 546.54187pt>
File: figuras/Procesos.PNG Graphic file (type png)
<use figuras/Procesos.PNG>
Package pdftex.def Info: figuras/Procesos.PNG  used on input line 406.
(pdftex.def)             Requested size: 455.24437pt x 270.30138pt.
[58 <./figuras/ColeccionesDetalle.PNG>] [59 <./figuras/ColeccionesDetalleAgrega
r.PNG> <./figuras/ColeccionesDetalleGrabar.PNG>] [60 <./figuras/ColeccionesDeta
lleTabla.PNG> <./figuras/ColeccionesDetalleEliminar.PNG>]
Underfull \hbox (badness 10000) in paragraph at lines 424--425

 []


LaTeX Warning: No positions in optional float specifier.
               Default added (so using `tbp') on input line 426.

<figuras/ProcesoCrear.PNG, id=314, 989.94844pt x 545.78906pt>
File: figuras/ProcesoCrear.PNG Graphic file (type png)
<use figuras/ProcesoCrear.PNG>
Package pdftex.def Info: figuras/ProcesoCrear.PNG  used on input line 428.
(pdftex.def)             Requested size: 455.24586pt x 270.30383pt.
[61 <./figuras/Procesos.PNG>]
Underfull \hbox (badness 10000) in paragraph at lines 443--444

 []


LaTeX Warning: No positions in optional float specifier.
               Default added (so using `tbp') on input line 445.

<figuras/ProcesoValida.PNG, id=319, 992.20688pt x 550.30594pt>
File: figuras/ProcesoValida.PNG Graphic file (type png)
<use figuras/ProcesoValida.PNG>
Package pdftex.def Info: figuras/ProcesoValida.PNG  used on input line 447.
(pdftex.def)             Requested size: 455.2398pt x 270.30724pt.

Underfull \hbox (badness 10000) in paragraph at lines 452--453

 []


LaTeX Warning: No positions in optional float specifier.
               Default added (so using `tbp') on input line 454.

<figuras/ProcesoGraba.PNG, id=320, 989.94844pt x 544.28343pt>
File: figuras/ProcesoGraba.PNG Graphic file (type png)
<use figuras/ProcesoGraba.PNG>
Package pdftex.def Info: figuras/ProcesoGraba.PNG  used on input line 456.
(pdftex.def)             Requested size: 455.24586pt x 270.29732pt.

Underfull \hbox (badness 10000) in paragraph at lines 461--462

 []


LaTeX Warning: No positions in optional float specifier.
               Default added (so using `tbp') on input line 463.

<figuras/ProcesoTabla.PNG, id=321, 990.70125pt x 549.55313pt>
File: figuras/ProcesoTabla.PNG Graphic file (type png)
<use figuras/ProcesoTabla.PNG>
Package pdftex.def Info: figuras/ProcesoTabla.PNG  used on input line 465.
(pdftex.def)             Requested size: 455.24437pt x 270.30641pt.

LaTeX Warning: No positions in optional float specifier.
               Default added (so using `tbp') on input line 474.

<figuras/ProcesoActualiza.PNG, id=322, 989.94844pt x 547.2947pt>
File: figuras/ProcesoActualiza.PNG Graphic file (type png)
<use figuras/ProcesoActualiza.PNG>
Package pdftex.def Info: figuras/ProcesoActualiza.PNG  used on input line 476.
(pdftex.def)             Requested size: 455.24586pt x 270.30626pt.

Underfull \hbox (badness 10000) in paragraph at lines 483--484

 []

[62 <./figuras/ProcesoCrear.PNG>] [63 <./figuras/ProcesoValida.PNG> <./figuras/
ProcesoGraba.PNG>] [64 <./figuras/ProcesoTabla.PNG> <./figuras/ProcesoActualiza
.PNG>]

LaTeX Warning: No positions in optional float specifier.
               Default added (so using `tbp') on input line 485.

<figuras/ProcesoElimina.PNG, id=337, 989.94844pt x 548.0475pt>
File: figuras/ProcesoElimina.PNG Graphic file (type png)
<use figuras/ProcesoElimina.PNG>
Package pdftex.def Info: figuras/ProcesoElimina.PNG  used on input line 487.
(pdftex.def)             Requested size: 455.24586pt x 270.30174pt.

Underfull \hbox (badness 10000) in paragraph at lines 494--495

 []


Underfull \hbox (badness 10000) in paragraph at lines 496--497

 []


LaTeX Warning: No positions in optional float specifier.
               Default added (so using `tbp') on input line 499.

<figuras/ProcesoProcesar.PNG, id=338, 987.69pt x 546.54187pt>
File: figuras/ProcesoProcesar.PNG Graphic file (type png)
<use figuras/ProcesoProcesar.PNG>
Package pdftex.def Info: figuras/ProcesoProcesar.PNG  used on input line 501.
(pdftex.def)             Requested size: 455.2321pt x 270.30138pt.

Underfull \hbox (badness 10000) in paragraph at lines 506--507

 []


LaTeX Warning: No positions in optional float specifier.
               Default added (so using `tbp') on input line 508.

<figuras/ProcesoReprocesar.PNG, id=339, 989.19562pt x 545.78906pt>
File: figuras/ProcesoReprocesar.PNG Graphic file (type png)
<use figuras/ProcesoReprocesar.PNG>
Package pdftex.def Info: figuras/ProcesoReprocesar.PNG  used on input line 510.

(pdftex.def)             Requested size: 455.23174pt x 270.30383pt.

Underfull \hbox (badness 10000) in paragraph at lines 517--518

 []


LaTeX Warning: No positions in optional float specifier.
               Default added (so using `tbp') on input line 519.

<figuras/ProcesoDetalle.PNG, id=340, 987.69pt x 547.2947pt>
File: figuras/ProcesoDetalle.PNG Graphic file (type png)
<use figuras/ProcesoDetalle.PNG>
Package pdftex.def Info: figuras/ProcesoDetalle.PNG  used on input line 521.
(pdftex.def)             Requested size: 455.2321pt x 270.30626pt.

Underfull \hbox (badness 10000) in paragraph at lines 526--527

 []

[65 <./figuras/ProcesoElimina.PNG>] [66 <./figuras/ProcesoProcesar.PNG> <./figu
ras/ProcesoReprocesar.PNG>]
Underfull \hbox (badness 10000) in paragraph at lines 528--529

 []

) (./6.Conclusion/conclusiones.tex [67 <./figuras/ProcesoDetalle.PNG>]
Cap\'{\i }tulo 6.

Underfull \hbox (badness 10000) in paragraph at lines 3--4

 []


Underfull \hbox (badness 10000) in paragraph at lines 5--6

 []


Underfull \hbox (badness 10000) in paragraph at lines 7--8

 []

) (./Referencias/referencias.tex)
No file Plantilla.bbl.
[68

] (./Plantilla.aux
LaTeX Info: Redefining \. on input line 6.
LaTeX Info: Redefining \% on input line 6.
)

LaTeX Font Warning: Some font shapes were not available, defaults substituted.


LaTeX Warning: There were multiply-defined labels.

 ) 
Here is how much of TeX's memory you used:
 8413 strings out of 492982
 122652 string characters out of 6134897
 221362 words of memory out of 5000000
 11711 multiletter control sequences out of 15000+600000
 9972 words of font info for 37 fonts, out of 8000000 for 9000
 1141 hyphenation exceptions out of 8191
 41i,19n,58p,1037b,487s stack positions out of 5000i,500n,10000p,200000b,80000s
{/usr/share/texmf/fonts/enc/dvips/cm-super/cm-super-ts1.enc}</usr/share/texli
ve/texmf-dist/fonts/type1/public/amsfonts/cm/cmbx10.pfb></usr/share/texlive/tex
mf-dist/fonts/type1/public/amsfonts/cm/cmbx12.pfb></usr/share/texlive/texmf-dis
t/fonts/type1/public/amsfonts/cm/cmbx7.pfb></usr/share/texlive/texmf-dist/fonts
/type1/public/amsfonts/cm/cmcsc10.pfb></usr/share/texlive/texmf-dist/fonts/type
1/public/amsfonts/cm/cmr10.pfb></usr/share/texlive/texmf-dist/fonts/type1/publi
c/amsfonts/cm/cmr5.pfb></usr/share/texlive/texmf-dist/fonts/type1/public/amsfon
ts/cm/cmsl10.pfb></usr/share/texlive/texmf-dist/fonts/type1/public/amsfonts/cm/
cmss10.pfb></usr/share/texlive/texmf-dist/fonts/type1/public/amsfonts/cm/cmssbx
10.pfb></usr/share/texlive/texmf-dist/fonts/type1/public/amsfonts/cm/cmsy10.pfb
></usr/share/texmf/fonts/type1/public/cm-super/sfrm1000.pfb>
Output written on Plantilla.pdf (75 pages, 5703631 bytes).
PDF statistics:
 399 PDF objects out of 1000 (max. 8388607)
 217 compressed objects within 3 object streams
 0 named destinations out of 1000 (max. 500000)
 246 words of extra memory for PDF output out of 10000 (max. 10000000)

