This is pdfTeX, Version 3.1415926-1.40.11 (MiKTeX 2.9) (preloaded format=pdflatex 2012.3.8)  26 AUG 2012 01:34
entering extended mode
**D:/Academia/MCyTI/Tesis/tesis/Extras/agradecimientos.tex
(D:/Academia/MCyTI/Tesis/tesis/Extras/agradecimientos.tex
LaTeX2e <2009/09/24>
Babel <v3.8l> and hyphenation patterns for english, afrikaans, ancientgreek, ar
abic, armenian, assamese, basque, bengali, bokmal, bulgarian, catalan, coptic, 
croatian, czech, danish, dutch, esperanto, estonian, farsi, finnish, french, ga
lician, german, german-x-2009-06-19, greek, gujarati, hindi, hungarian, iceland
ic, indonesian, interlingua, irish, italian, kannada, kurmanji, lao, latin, lat
vian, lithuanian, malayalam, marathi, mongolian, mongolianlmc, monogreek, ngerm
an, ngerman-x-2009-06-19, nynorsk, oriya, panjabi, pinyin, polish, portuguese, 
romanian, russian, sanskrit, serbian, slovak, slovenian, spanish, swedish, swis
sgerman, tamil, telugu, turkish, turkmen, ukenglish, ukrainian, uppersorbian, u
senglishmax, welsh, loaded.
! Undefined control sequence.
l.1 \chapter
            *{Agradecimientos}
The control sequence at the end of the top line
of your error message was never \def'ed. If you have
misspelled it (e.g., `\hobx'), type `I' and the correct
spelling (e.g., `I\hbox'). Otherwise just continue,
and I'll forget about whatever was undefined.


! LaTeX Error: Missing \begin{document}.

See the LaTeX manual or LaTeX Companion for explanation.
Type  H <return>  for immediate help.
 ...                                              
                                                  
l.1 \chapter*
             {Agradecimientos}
You're in trouble here.  Try typing  <return>  to proceed.
If that doesn't work, type  X <return>  to quit.

Missing character: There is no * in font nullfont!
Missing character: There is no A in font nullfont!
Missing character: There is no g in font nullfont!
Missing character: There is no r in font nullfont!
Missing character: There is no a in font nullfont!
Missing character: There is no d in font nullfont!
Missing character: There is no e in font nullfont!
Missing character: There is no c in font nullfont!
Missing character: There is no i in font nullfont!
Missing character: There is no m in font nullfont!
Missing character: There is no i in font nullfont!
Missing character: There is no e in font nullfont!
Missing character: There is no n in font nullfont!
Missing character: There is no t in font nullfont!
Missing character: There is no o in font nullfont!
Missing character: There is no s in font nullfont!

Overfull \hbox (20.0pt too wide) in paragraph at lines 1--2
[] 
 []


! LaTeX Error: Missing \begin{document}.

See the LaTeX manual or LaTeX Companion for explanation.
Type  H <return>  for immediate help.
 ...                                              
                                                  
l.3 E
     l presente trabajo esta dedicado principalmente, a la persona que ha da...

You're in trouble here.  Try typing  <return>  to proceed.
If that doesn't work, type  X <return>  to quit.

Missing character: There is no E in font nullfont!
Missing character: There is no l in font nullfont!
Missing character: There is no p in font nullfont!
Missing character: There is no r in font nullfont!
Missing character: There is no e in font nullfont!
Missing character: There is no s in font nullfont!
Missing character: There is no e in font nullfont!
Missing character: There is no n in font nullfont!
Missing character: There is no t in font nullfont!
Missing character: There is no e in font nullfont!
Missing character: There is no t in font nullfont!
Missing character: There is no r in font nullfont!
Missing character: There is no a in font nullfont!
Missing character: There is no b in font nullfont!
Missing character: There is no a in font nullfont!
Missing character: There is no j in font nullfont!
Missing character: There is no o in font nullfont!
Missing character: There is no e in font nullfont!
Missing character: There is no s in font nullfont!
Missing character: There is no t in font nullfont!
Missing character: There is no a in font nullfont!
Missing character: There is no d in font nullfont!
Missing character: There is no e in font nullfont!
Missing character: There is no d in font nullfont!
Missing character: There is no i in font nullfont!
Missing character: There is no c in font nullfont!
Missing character: There is no a in font nullfont!
Missing character: There is no d in font nullfont!
Missing character: There is no o in font nullfont!
Missing character: There is no p in font nullfont!
Missing character: There is no r in font nullfont!
Missing character: There is no i in font nullfont!
Missing character: There is no n in font nullfont!
Missing character: There is no c in font nullfont!
Missing character: There is no i in font nullfont!
Missing character: There is no p in font nullfont!
Missing character: There is no a in font nullfont!
Missing character: There is no l in font nullfont!
Missing character: There is no m in font nullfont!
Missing character: There is no e in font nullfont!
Missing character: There is no n in font nullfont!
Missing character: There is no t in font nullfont!
Missing character: There is no e in font nullfont!
Missing character: There is no , in font nullfont!
Missing character: There is no a in font nullfont!
Missing character: There is no l in font nullfont!
Missing character: There is no a in font nullfont!
Missing character: There is no p in font nullfont!
Missing character: There is no e in font nullfont!
Missing character: There is no r in font nullfont!
Missing character: There is no s in font nullfont!
Missing character: There is no o in font nullfont!
Missing character: There is no n in font nullfont!
Missing character: There is no a in font nullfont!
Missing character: There is no q in font nullfont!
Missing character: There is no u in font nullfont!
Missing character: There is no e in font nullfont!
Missing character: There is no h in font nullfont!
Missing character: There is no a in font nullfont!
Missing character: There is no d in font nullfont!
Missing character: There is no a in font nullfont!
Missing character: There is no d in font nullfont!
Missing character: There is no o in font nullfont!
Missing character: There is no t in font nullfont!
Missing character: There is no o in font nullfont!
Missing character: There is no d in font nullfont!
Missing character: There is no o in font nullfont!
Missing character: There is no p in font nullfont!
Missing character: There is no o in font nullfont!
Missing character: There is no r in font nullfont!
Missing character: There is no m in font nullfont!
Missing character: There is no í in font nullfont!
Missing character: There is no e in font nullfont!
Missing character: There is no n in font nullfont!
Missing character: There is no e in font nullfont!
Missing character: There is no s in font nullfont!
Missing character: There is no t in font nullfont!
Missing character: There is no a in font nullfont!
Missing character: There is no v in font nullfont!
Missing character: There is no i in font nullfont!
Missing character: There is no d in font nullfont!
Missing character: There is no a in font nullfont!
Missing character: There is no , in font nullfont!
Missing character: There is no a in font nullfont!
Missing character: There is no q in font nullfont!
Missing character: There is no u in font nullfont!
Missing character: There is no i in font nullfont!
Missing character: There is no e in font nullfont!
Missing character: There is no n in font nullfont!
Missing character: There is no l in font nullfont!
Missing character: There is no e in font nullfont!
Missing character: There is no d in font nullfont!
Missing character: There is no e in font nullfont!
Missing character: There is no b in font nullfont!
Missing character: There is no o in font nullfont!
Missing character: There is no n in font nullfont!
Missing character: There is no o in font nullfont!
Missing character: There is no s in font nullfont!
Missing character: There is no ó in font nullfont!
Missing character: There is no l in font nullfont!
Missing character: There is no o in font nullfont!
Missing character: There is no m in font nullfont!
Missing character: There is no i in font nullfont!
Missing character: There is no t in font nullfont!
Missing character: There is no e in font nullfont!
Missing character: There is no s in font nullfont!
Missing character: There is no i in font nullfont!
Missing character: There is no s in font nullfont!
Missing character: There is no o in font nullfont!
Missing character: There is no m in font nullfont!
Missing character: There is no i in font nullfont!
Missing character: There is no c in font nullfont!
Missing character: There is no a in font nullfont!
Missing character: There is no r in font nullfont!
Missing character: There is no r in font nullfont!
Missing character: There is no e in font nullfont!
Missing character: There is no r in font nullfont!
Missing character: There is no a in font nullfont!
Missing character: There is no , in font nullfont!
Missing character: There is no s in font nullfont!
Missing character: There is no i in font nullfont!
Missing character: There is no n in font nullfont!
Missing character: There is no o in font nullfont!
Missing character: There is no t in font nullfont!
Missing character: There is no o in font nullfont!
Missing character: There is no d in font nullfont!
Missing character: There is no a in font nullfont!
Missing character: There is no m in font nullfont!
Missing character: There is no i in font nullfont!
Missing character: There is no v in font nullfont!
Missing character: There is no i in font nullfont!
Missing character: There is no d in font nullfont!
Missing character: There is no a in font nullfont!
Missing character: There is no , in font nullfont!
Missing character: There is no c in font nullfont!
Missing character: There is no o in font nullfont!
Missing character: There is no n in font nullfont!
Missing character: There is no t in font nullfont!
Missing character: There is no o in font nullfont!
Missing character: There is no d in font nullfont!
Missing character: There is no o in font nullfont!
Missing character: There is no m in font nullfont!
Missing character: There is no i in font nullfont!
Missing character: There is no c in font nullfont!
Missing character: There is no a in font nullfont!
Missing character: There is no r in font nullfont!
Missing character: There is no i in font nullfont!
Missing character: There is no ñ in font nullfont!
Missing character: There is no o in font nullfont!
Missing character: There is no t in font nullfont!
Missing character: There is no e in font nullfont!
Missing character: There is no d in font nullfont!
Missing character: There is no e in font nullfont!
Missing character: There is no d in font nullfont!
Missing character: There is no i in font nullfont!
Missing character: There is no c in font nullfont!
Missing character: There is no o in font nullfont!
Missing character: There is no m in font nullfont!
Missing character: There is no i in font nullfont!
Missing character: There is no é in font nullfont!
Missing character: There is no x in font nullfont!
Missing character: There is no i in font nullfont!
Missing character: There is no t in font nullfont!
Missing character: There is no o in font nullfont!
Missing character: There is no m in font nullfont!
Missing character: There is no a in font nullfont!
Missing character: There is no d in font nullfont!
Missing character: There is no r in font nullfont!
Missing character: There is no e in font nullfont!
Missing character: There is no m in font nullfont!
Missing character: There is no í in font nullfont!
Missing character: There is no a in font nullfont!
Missing character: There is no . in font nullfont!
Missing character: There is no G in font nullfont!
Missing character: There is no r in font nullfont!
Missing character: There is no a in font nullfont!
Missing character: There is no c in font nullfont!
Missing character: There is no i in font nullfont!
Missing character: There is no a in font nullfont!
Missing character: There is no s in font nullfont!
Missing character: There is no m in font nullfont!
Missing character: There is no a in font nullfont!
Missing character: There is no m in font nullfont!
Missing character: There is no á in font nullfont!
Missing character: There is no p in font nullfont!
Missing character: There is no o in font nullfont!
Missing character: There is no r in font nullfont!
Missing character: There is no a in font nullfont!
Missing character: There is no p in font nullfont!
Missing character: There is no o in font nullfont!
Missing character: There is no y in font nullfont!
Missing character: There is no a in font nullfont!
Missing character: There is no r in font nullfont!
Missing character: There is no m in font nullfont!
Missing character: There is no e in font nullfont!
Missing character: There is no y in font nullfont!
Missing character: There is no c in font nullfont!
Missing character: There is no o in font nullfont!
Missing character: There is no m in font nullfont!
Missing character: There is no p in font nullfont!
Missing character: There is no r in font nullfont!
Missing character: There is no e in font nullfont!
Missing character: There is no n in font nullfont!
Missing character: There is no d in font nullfont!
Missing character: There is no e in font nullfont!
Missing character: There is no r in font nullfont!
Missing character: There is no m in font nullfont!
Missing character: There is no e in font nullfont!
Missing character: There is no a in font nullfont!
Missing character: There is no c in font nullfont!
Missing character: There is no a in font nullfont!
Missing character: There is no d in font nullfont!
Missing character: There is no a in font nullfont!
Missing character: There is no i in font nullfont!
Missing character: There is no n in font nullfont!
Missing character: There is no s in font nullfont!
Missing character: There is no t in font nullfont!
Missing character: There is no a in font nullfont!
Missing character: There is no n in font nullfont!
Missing character: There is no t in font nullfont!
Missing character: There is no e in font nullfont!
Missing character: There is no d in font nullfont!
Missing character: There is no u in font nullfont!
Missing character: There is no r in font nullfont!
Missing character: There is no a in font nullfont!
Missing character: There is no n in font nullfont!
Missing character: There is no t in font nullfont!
Missing character: There is no e in font nullfont!
Missing character: There is no m in font nullfont!
Missing character: There is no i in font nullfont!
Missing character: There is no s in font nullfont!
Missing character: There is no a in font nullfont!
Missing character: There is no ñ in font nullfont!
Missing character: There is no o in font nullfont!
Missing character: There is no s in font nullfont!
Missing character: There is no d in font nullfont!
Missing character: There is no e in font nullfont!
Missing character: There is no c in font nullfont!
Missing character: There is no a in font nullfont!
Missing character: There is no r in font nullfont!
Missing character: There is no r in font nullfont!
Missing character: There is no e in font nullfont!
Missing character: There is no r in font nullfont!
Missing character: There is no a in font nullfont!
Missing character: There is no . in font nullfont!

Overfull \hbox (20.0pt too wide) in paragraph at lines 3--4
[]
 []


! LaTeX Error: Missing \begin{document}.

See the LaTeX manual or LaTeX Companion for explanation.
Type  H <return>  for immediate help.
 ...                                              
                                                  
l.5 Q
     uiero agradecer con todo mi corazón a mis hermanos y a mi novia, que má...

You're in trouble here.  Try typing  <return>  to proceed.
If that doesn't work, type  X <return>  to quit.

Missing character: There is no Q in font nullfont!
Missing character: There is no u in font nullfont!
Missing character: There is no i in font nullfont!
Missing character: There is no e in font nullfont!
Missing character: There is no r in font nullfont!
Missing character: There is no o in font nullfont!
Missing character: There is no a in font nullfont!
Missing character: There is no g in font nullfont!
Missing character: There is no r in font nullfont!
Missing character: There is no a in font nullfont!
Missing character: There is no d in font nullfont!
Missing character: There is no e in font nullfont!
Missing character: There is no c in font nullfont!
Missing character: There is no e in font nullfont!
Missing character: There is no r in font nullfont!
Missing character: There is no c in font nullfont!
Missing character: There is no o in font nullfont!
Missing character: There is no n in font nullfont!
Missing character: There is no t in font nullfont!
Missing character: There is no o in font nullfont!
Missing character: There is no d in font nullfont!
Missing character: There is no o in font nullfont!
Missing character: There is no m in font nullfont!
Missing character: There is no i in font nullfont!
Missing character: There is no c in font nullfont!
Missing character: There is no o in font nullfont!
Missing character: There is no r in font nullfont!
Missing character: There is no a in font nullfont!
Missing character: There is no z in font nullfont!
Missing character: There is no ó in font nullfont!
Missing character: There is no n in font nullfont!
Missing character: There is no a in font nullfont!
Missing character: There is no m in font nullfont!
Missing character: There is no i in font nullfont!
Missing character: There is no s in font nullfont!
Missing character: There is no h in font nullfont!
Missing character: There is no e in font nullfont!
Missing character: There is no r in font nullfont!
Missing character: There is no m in font nullfont!
Missing character: There is no a in font nullfont!
Missing character: There is no n in font nullfont!
Missing character: There is no o in font nullfont!
Missing character: There is no s in font nullfont!
Missing character: There is no y in font nullfont!
Missing character: There is no a in font nullfont!
Missing character: There is no m in font nullfont!
Missing character: There is no i in font nullfont!
Missing character: There is no n in font nullfont!
Missing character: There is no o in font nullfont!
Missing character: There is no v in font nullfont!
Missing character: There is no i in font nullfont!
Missing character: There is no a in font nullfont!
Missing character: There is no , in font nullfont!
Missing character: There is no q in font nullfont!
Missing character: There is no u in font nullfont!
Missing character: There is no e in font nullfont!
Missing character: There is no m in font nullfont!
Missing character: There is no á in font nullfont!
Missing character: There is no s in font nullfont!
Missing character: There is no q in font nullfont!
Missing character: There is no u in font nullfont!
Missing character: There is no e in font nullfont!
Missing character: There is no s in font nullfont!
Missing character: There is no e in font nullfont!
Missing character: There is no r in font nullfont!
Missing character: There is no u in font nullfont!
Missing character: There is no n in font nullfont!
Missing character: There is no a in font nullfont!
Missing character: There is no f in font nullfont!
Missing character: There is no a in font nullfont!
Missing character: There is no m in font nullfont!
Missing character: There is no i in font nullfont!
Missing character: There is no l in font nullfont!
Missing character: There is no i in font nullfont!
Missing character: There is no a in font nullfont!
Missing character: There is no p in font nullfont!
Missing character: There is no a in font nullfont!
Missing character: There is no r in font nullfont!
Missing character: There is no a in font nullfont!
Missing character: There is no m in font nullfont!
Missing character: There is no í in font nullfont!
Missing character: There is no , in font nullfont!
Missing character: There is no h in font nullfont!
Missing character: There is no a in font nullfont!
Missing character: There is no n in font nullfont!
Missing character: There is no s in font nullfont!
Missing character: There is no i in font nullfont!
Missing character: There is no d in font nullfont!
Missing character: There is no o in font nullfont!
Missing character: There is no e in font nullfont!
Missing character: There is no l in font nullfont!
Missing character: There is no p in font nullfont!
Missing character: There is no i in font nullfont!
Missing character: There is no l in font nullfont!
Missing character: There is no a in font nullfont!
Missing character: There is no r in font nullfont!
Missing character: There is no q in font nullfont!
Missing character: There is no u in font nullfont!
Missing character: There is no e in font nullfont!
Missing character: There is no n in font nullfont!
Missing character: There is no u in font nullfont!
Missing character: There is no n in font nullfont!
Missing character: There is no c in font nullfont!
Missing character: There is no a in font nullfont!
Missing character: There is no m in font nullfont!
Missing character: There is no e in font nullfont!
Missing character: There is no d in font nullfont!
Missing character: There is no e in font nullfont!
Missing character: There is no j in font nullfont!
Missing character: There is no ó in font nullfont!
Missing character: There is no c in font nullfont!
Missing character: There is no a in font nullfont!
Missing character: There is no e in font nullfont!
Missing character: There is no r in font nullfont!
Missing character: There is no . in font nullfont!
Missing character: There is no G in font nullfont!
Missing character: There is no r in font nullfont!
Missing character: There is no a in font nullfont!
Missing character: There is no c in font nullfont!
Missing character: There is no i in font nullfont!
Missing character: There is no a in font nullfont!
Missing character: There is no s in font nullfont!
Missing character: There is no p in font nullfont!
Missing character: There is no o in font nullfont!
Missing character: There is no r in font nullfont!
Missing character: There is no e in font nullfont!
Missing character: There is no l in font nullfont!
Missing character: There is no a in font nullfont!
Missing character: There is no p in font nullfont!
Missing character: There is no o in font nullfont!
Missing character: There is no y in font nullfont!
Missing character: There is no o in font nullfont!
Missing character: There is no y in font nullfont!
Missing character: There is no l in font nullfont!
Missing character: There is no a in font nullfont!
Missing character: There is no c in font nullfont!
Missing character: There is no o in font nullfont!
Missing character: There is no n in font nullfont!
Missing character: There is no f in font nullfont!
Missing character: There is no i in font nullfont!
Missing character: There is no a in font nullfont!
Missing character: There is no n in font nullfont!
Missing character: There is no z in font nullfont!
Missing character: There is no a in font nullfont!
Missing character: There is no d in font nullfont!
Missing character: There is no e in font nullfont!
Missing character: There is no p in font nullfont!
Missing character: There is no o in font nullfont!
Missing character: There is no s in font nullfont!
Missing character: There is no i in font nullfont!
Missing character: There is no t in font nullfont!
Missing character: There is no a in font nullfont!
Missing character: There is no d in font nullfont!
Missing character: There is no a in font nullfont!
Missing character: There is no e in font nullfont!
Missing character: There is no n in font nullfont!
Missing character: There is no c in font nullfont!
Missing character: There is no a in font nullfont!
Missing character: There is no d in font nullfont!
Missing character: There is no a in font nullfont!
Missing character: There is no u in font nullfont!
Missing character: There is no n in font nullfont!
Missing character: There is no a in font nullfont!
Missing character: There is no d in font nullfont!
Missing character: There is no e in font nullfont!
Missing character: There is no m in font nullfont!
Missing character: There is no i in font nullfont!
Missing character: There is no s in font nullfont!
Missing character: There is no d in font nullfont!
Missing character: There is no e in font nullfont!
Missing character: There is no c in font nullfont!
Missing character: There is no i in font nullfont!
Missing character: There is no s in font nullfont!
Missing character: There is no i in font nullfont!
Missing character: There is no o in font nullfont!
Missing character: There is no n in font nullfont!
Missing character: There is no e in font nullfont!
Missing character: There is no s in font nullfont!
Missing character: There is no , in font nullfont!
Missing character: There is no n in font nullfont!
Missing character: There is no o in font nullfont!
Missing character: There is no h in font nullfont!
Missing character: There is no a in font nullfont!
Missing character: There is no b in font nullfont!
Missing character: There is no r in font nullfont!
Missing character: There is no í in font nullfont!
Missing character: There is no a in font nullfont!
Missing character: There is no l in font nullfont!
Missing character: There is no o in font nullfont!
Missing character: There is no g in font nullfont!
Missing character: There is no r in font nullfont!
Missing character: There is no a in font nullfont!
Missing character: There is no d in font nullfont!
Missing character: There is no o in font nullfont!
Missing character: There is no l in font nullfont!
Missing character: There is no o in font nullfont!
Missing character: There is no q in font nullfont!
Missing character: There is no u in font nullfont!
Missing character: There is no e in font nullfont!
Missing character: There is no h in font nullfont!
Missing character: There is no o in font nullfont!
Missing character: There is no y in font nullfont!
Missing character: There is no e in font nullfont!
Missing character: There is no n in font nullfont!
Missing character: There is no d in font nullfont!
Missing character: There is no í in font nullfont!
Missing character: There is no a in font nullfont!
Missing character: There is no s in font nullfont!
Missing character: There is no o in font nullfont!
Missing character: There is no y in font nullfont!
Missing character: There is no s in font nullfont!
Missing character: There is no i in font nullfont!
Missing character: There is no n in font nullfont!
Missing character: There is no u in font nullfont!
Missing character: There is no s in font nullfont!
Missing character: There is no t in font nullfont!
Missing character: There is no e in font nullfont!
Missing character: There is no d in font nullfont!
Missing character: There is no e in font nullfont!
Missing character: There is no s in font nullfont!
Missing character: There is no . in font nullfont!

Overfull \hbox (20.0pt too wide) in paragraph at lines 5--6
[]
 []


! LaTeX Error: Missing \begin{document}.

See the LaTeX manual or LaTeX Companion for explanation.
Type  H <return>  for immediate help.
 ...                                              
                                                  
l.7 A
     gradezco al Consejo Nacional de Ciencia y Tecnología, por el financiami...

You're in trouble here.  Try typing  <return>  to proceed.
If that doesn't work, type  X <return>  to quit.

Missing character: There is no A in font nullfont!
Missing character: There is no g in font nullfont!
Missing character: There is no r in font nullfont!
Missing character: There is no a in font nullfont!
Missing character: There is no d in font nullfont!
Missing character: There is no e in font nullfont!
Missing character: There is no z in font nullfont!
Missing character: There is no c in font nullfont!
Missing character: There is no o in font nullfont!
Missing character: There is no a in font nullfont!
Missing character: There is no l in font nullfont!
Missing character: There is no C in font nullfont!
Missing character: There is no o in font nullfont!
Missing character: There is no n in font nullfont!
Missing character: There is no s in font nullfont!
Missing character: There is no e in font nullfont!
Missing character: There is no j in font nullfont!
Missing character: There is no o in font nullfont!
Missing character: There is no N in font nullfont!
Missing character: There is no a in font nullfont!
Missing character: There is no c in font nullfont!
Missing character: There is no i in font nullfont!
Missing character: There is no o in font nullfont!
Missing character: There is no n in font nullfont!
Missing character: There is no a in font nullfont!
Missing character: There is no l in font nullfont!
Missing character: There is no d in font nullfont!
Missing character: There is no e in font nullfont!
Missing character: There is no C in font nullfont!
Missing character: There is no i in font nullfont!
Missing character: There is no e in font nullfont!
Missing character: There is no n in font nullfont!
Missing character: There is no c in font nullfont!
Missing character: There is no i in font nullfont!
Missing character: There is no a in font nullfont!
Missing character: There is no y in font nullfont!
Missing character: There is no T in font nullfont!
Missing character: There is no e in font nullfont!
Missing character: There is no c in font nullfont!
Missing character: There is no n in font nullfont!
Missing character: There is no o in font nullfont!
Missing character: There is no l in font nullfont!
Missing character: There is no o in font nullfont!
Missing character: There is no g in font nullfont!
Missing character: There is no í in font nullfont!
Missing character: There is no a in font nullfont!
Missing character: There is no , in font nullfont!
Missing character: There is no p in font nullfont!
Missing character: There is no o in font nullfont!
Missing character: There is no r in font nullfont!
Missing character: There is no e in font nullfont!
Missing character: There is no l in font nullfont!
Missing character: There is no f in font nullfont!
Missing character: There is no i in font nullfont!
Missing character: There is no n in font nullfont!
Missing character: There is no a in font nullfont!
Missing character: There is no n in font nullfont!
Missing character: There is no c in font nullfont!
Missing character: There is no i in font nullfont!
Missing character: There is no a in font nullfont!
Missing character: There is no m in font nullfont!
Missing character: There is no i in font nullfont!
Missing character: There is no e in font nullfont!
Missing character: There is no n in font nullfont!
Missing character: There is no t in font nullfont!
Missing character: There is no o in font nullfont!
Missing character: There is no o in font nullfont!
Missing character: There is no t in font nullfont!
Missing character: There is no o in font nullfont!
Missing character: There is no r in font nullfont!
Missing character: There is no g in font nullfont!
Missing character: There is no a in font nullfont!
Missing character: There is no d in font nullfont!
Missing character: There is no o in font nullfont!
Missing character: There is no d in font nullfont!
Missing character: There is no u in font nullfont!
Missing character: There is no r in font nullfont!
Missing character: There is no a in font nullfont!
Missing character: There is no n in font nullfont!
Missing character: There is no t in font nullfont!
Missing character: There is no e in font nullfont!
Missing character: There is no l in font nullfont!
Missing character: There is no o in font nullfont!
Missing character: There is no s in font nullfont!
Missing character: There is no a in font nullfont!
Missing character: There is no ñ in font nullfont!
Missing character: There is no o in font nullfont!
Missing character: There is no s in font nullfont!
Missing character: There is no d in font nullfont!
Missing character: There is no e in font nullfont!
Missing character: There is no e in font nullfont!
Missing character: There is no s in font nullfont!
Missing character: There is no t in font nullfont!
Missing character: There is no u in font nullfont!
Missing character: There is no d in font nullfont!
Missing character: There is no i in font nullfont!
Missing character: There is no o in font nullfont!
Missing character: There is no d in font nullfont!
Missing character: There is no e in font nullfont!
Missing character: There is no m in font nullfont!
Missing character: There is no i in font nullfont!
Missing character: There is no p in font nullfont!
Missing character: There is no o in font nullfont!
Missing character: There is no s in font nullfont!
Missing character: There is no g in font nullfont!
Missing character: There is no r in font nullfont!
Missing character: There is no a in font nullfont!
Missing character: There is no d in font nullfont!
Missing character: There is no o in font nullfont!
Missing character: There is no . in font nullfont!

Overfull \hbox (20.0pt too wide) in paragraph at lines 7--8
[]
 []


! LaTeX Error: Missing \begin{document}.

See the LaTeX manual or LaTeX Companion for explanation.
Type  H <return>  for immediate help.
 ...                                              
                                                  
l.9 Q
     uiero expresar un profundo agradecimiento a mis asesores Dr. Gerardo Ab...

You're in trouble here.  Try typing  <return>  to proceed.
If that doesn't work, type  X <return>  to quit.

Missing character: There is no Q in font nullfont!
Missing character: There is no u in font nullfont!
Missing character: There is no i in font nullfont!
Missing character: There is no e in font nullfont!
Missing character: There is no r in font nullfont!
Missing character: There is no o in font nullfont!
Missing character: There is no e in font nullfont!
Missing character: There is no x in font nullfont!
Missing character: There is no p in font nullfont!
Missing character: There is no r in font nullfont!
Missing character: There is no e in font nullfont!
Missing character: There is no s in font nullfont!
Missing character: There is no a in font nullfont!
Missing character: There is no r in font nullfont!
Missing character: There is no u in font nullfont!
Missing character: There is no n in font nullfont!
Missing character: There is no p in font nullfont!
Missing character: There is no r in font nullfont!
Missing character: There is no o in font nullfont!
Missing character: There is no f in font nullfont!
Missing character: There is no u in font nullfont!
Missing character: There is no n in font nullfont!
Missing character: There is no d in font nullfont!
Missing character: There is no o in font nullfont!
Missing character: There is no a in font nullfont!
Missing character: There is no g in font nullfont!
Missing character: There is no r in font nullfont!
Missing character: There is no a in font nullfont!
Missing character: There is no d in font nullfont!
Missing character: There is no e in font nullfont!
Missing character: There is no c in font nullfont!
Missing character: There is no i in font nullfont!
Missing character: There is no m in font nullfont!
Missing character: There is no i in font nullfont!
Missing character: There is no e in font nullfont!
Missing character: There is no n in font nullfont!
Missing character: There is no t in font nullfont!
Missing character: There is no o in font nullfont!
Missing character: There is no a in font nullfont!
Missing character: There is no m in font nullfont!
Missing character: There is no i in font nullfont!
Missing character: There is no s in font nullfont!
Missing character: There is no a in font nullfont!
Missing character: There is no s in font nullfont!
Missing character: There is no e in font nullfont!
Missing character: There is no s in font nullfont!
Missing character: There is no o in font nullfont!
Missing character: There is no r in font nullfont!
Missing character: There is no e in font nullfont!
Missing character: There is no s in font nullfont!
Missing character: There is no D in font nullfont!
Missing character: There is no r in font nullfont!
Missing character: There is no . in font nullfont!
Missing character: There is no G in font nullfont!
Missing character: There is no e in font nullfont!
Missing character: There is no r in font nullfont!
Missing character: There is no a in font nullfont!
Missing character: There is no r in font nullfont!
Missing character: There is no d in font nullfont!
Missing character: There is no o in font nullfont!
Missing character: There is no A in font nullfont!
Missing character: There is no b in font nullfont!
Missing character: There is no e in font nullfont!
Missing character: There is no l in font nullfont!
Missing character: There is no L in font nullfont!
Missing character: There is no a in font nullfont!
Missing character: There is no g in font nullfont!
Missing character: There is no u in font nullfont!
Missing character: There is no n in font nullfont!
Missing character: There is no a in font nullfont!
Missing character: There is no S in font nullfont!
Missing character: There is no á in font nullfont!
Missing character: There is no n in font nullfont!
Missing character: There is no c in font nullfont!
Missing character: There is no h in font nullfont!
Missing character: There is no e in font nullfont!
Missing character: There is no z in font nullfont!
Missing character: There is no y in font nullfont!
Missing character: There is no D in font nullfont!
Missing character: There is no r in font nullfont!
Missing character: There is no . in font nullfont!
Missing character: There is no A in font nullfont!
Missing character: There is no l in font nullfont!
Missing character: There is no f in font nullfont!
Missing character: There is no o in font nullfont!
Missing character: There is no n in font nullfont!
Missing character: There is no s in font nullfont!
Missing character: There is no o in font nullfont!
Missing character: There is no P in font nullfont!
Missing character: There is no r in font nullfont!
Missing character: There is no i in font nullfont!
Missing character: There is no e in font nullfont!
Missing character: There is no t in font nullfont!
Missing character: There is no o in font nullfont!
Missing character: There is no G in font nullfont!
Missing character: There is no u in font nullfont!
Missing character: There is no e in font nullfont!
Missing character: There is no r in font nullfont!
Missing character: There is no r in font nullfont!
Missing character: There is no e in font nullfont!
Missing character: There is no r in font nullfont!
Missing character: There is no o in font nullfont!
Missing character: There is no q in font nullfont!
Missing character: There is no u in font nullfont!
Missing character: There is no e in font nullfont!
Missing character: There is no m in font nullfont!
Missing character: There is no e in font nullfont!
Missing character: There is no a in font nullfont!
Missing character: There is no p in font nullfont!
Missing character: There is no o in font nullfont!
Missing character: There is no y in font nullfont!
Missing character: There is no a in font nullfont!
Missing character: There is no r in font nullfont!
Missing character: There is no o in font nullfont!
Missing character: There is no n in font nullfont!
Missing character: There is no , in font nullfont!
Missing character: There is no g in font nullfont!
Missing character: There is no u in font nullfont!
Missing character: There is no i in font nullfont!
Missing character: There is no a in font nullfont!
Missing character: There is no r in font nullfont!
Missing character: There is no o in font nullfont!
Missing character: There is no n in font nullfont!
Missing character: There is no y in font nullfont!
Missing character: There is no c in font nullfont!
Missing character: There is no o in font nullfont!
Missing character: There is no m in font nullfont!
Missing character: There is no p in font nullfont!
Missing character: There is no a in font nullfont!
Missing character: There is no r in font nullfont!
Missing character: There is no t in font nullfont!
Missing character: There is no i in font nullfont!
Missing character: There is no e in font nullfont!
Missing character: There is no r in font nullfont!
Missing character: There is no o in font nullfont!
Missing character: There is no n in font nullfont!
Missing character: There is no s in font nullfont!
Missing character: There is no u in font nullfont!
Missing character: There is no s in font nullfont!
Missing character: There is no c in font nullfont!
Missing character: There is no o in font nullfont!
Missing character: There is no n in font nullfont!
Missing character: There is no o in font nullfont!
Missing character: There is no c in font nullfont!
Missing character: There is no i in font nullfont!
Missing character: There is no m in font nullfont!
Missing character: There is no i in font nullfont!
Missing character: There is no e in font nullfont!
Missing character: There is no n in font nullfont!
Missing character: There is no t in font nullfont!
Missing character: There is no o in font nullfont!
Missing character: There is no s in font nullfont!
Missing character: There is no d in font nullfont!
Missing character: There is no u in font nullfont!
Missing character: There is no r in font nullfont!
Missing character: There is no a in font nullfont!
Missing character: There is no n in font nullfont!
Missing character: There is no t in font nullfont!
Missing character: There is no e in font nullfont!
Missing character: There is no l in font nullfont!
Missing character: There is no a in font nullfont!
Missing character: There is no e in font nullfont!
Missing character: There is no l in font nullfont!
Missing character: There is no a in font nullfont!
Missing character: There is no b in font nullfont!
Missing character: There is no o in font nullfont!
Missing character: There is no r in font nullfont!
Missing character: There is no a in font nullfont!
Missing character: There is no c in font nullfont!
Missing character: There is no i in font nullfont!
Missing character: There is no ó in font nullfont!
Missing character: There is no n in font nullfont!
Missing character: There is no d in font nullfont!
Missing character: There is no e in font nullfont!
Missing character: There is no l in font nullfont!
Missing character: There is no p in font nullfont!
Missing character: There is no r in font nullfont!
Missing character: There is no e in font nullfont!
Missing character: There is no s in font nullfont!
Missing character: There is no e in font nullfont!
Missing character: There is no n in font nullfont!
Missing character: There is no t in font nullfont!
Missing character: There is no e in font nullfont!
Missing character: There is no t in font nullfont!
Missing character: There is no r in font nullfont!
Missing character: There is no a in font nullfont!
Missing character: There is no b in font nullfont!
Missing character: There is no a in font nullfont!
Missing character: There is no j in font nullfont!
Missing character: There is no o in font nullfont!
Missing character: There is no d in font nullfont!
Missing character: There is no e in font nullfont!
Missing character: There is no i in font nullfont!
Missing character: There is no n in font nullfont!
Missing character: There is no v in font nullfont!
Missing character: There is no e in font nullfont!
Missing character: There is no s in font nullfont!
Missing character: There is no t in font nullfont!
Missing character: There is no i in font nullfont!
Missing character: There is no g in font nullfont!
Missing character: There is no a in font nullfont!
Missing character: There is no c in font nullfont!
Missing character: There is no i in font nullfont!
Missing character: There is no ó in font nullfont!
Missing character: There is no n in font nullfont!
Missing character: There is no . in font nullfont!

Overfull \hbox (20.0pt too wide) in paragraph at lines 9--10
[]
 []


! LaTeX Error: Missing \begin{document}.

See the LaTeX manual or LaTeX Companion for explanation.
Type  H <return>  for immediate help.
 ...                                              
                                                  
l.11 A
       la Universidad Autónoma Metropolitana unidad Iztapalapa, por las faci...

You're in trouble here.  Try typing  <return>  to proceed.
If that doesn't work, type  X <return>  to quit.

Missing character: There is no A in font nullfont!
Missing character: There is no l in font nullfont!
Missing character: There is no a in font nullfont!
Missing character: There is no U in font nullfont!
Missing character: There is no n in font nullfont!
Missing character: There is no i in font nullfont!
Missing character: There is no v in font nullfont!
Missing character: There is no e in font nullfont!
Missing character: There is no r in font nullfont!
Missing character: There is no s in font nullfont!
Missing character: There is no i in font nullfont!
Missing character: There is no d in font nullfont!
Missing character: There is no a in font nullfont!
Missing character: There is no d in font nullfont!
Missing character: There is no A in font nullfont!
Missing character: There is no u in font nullfont!
Missing character: There is no t in font nullfont!
Missing character: There is no ó in font nullfont!
Missing character: There is no n in font nullfont!
Missing character: There is no o in font nullfont!
Missing character: There is no m in font nullfont!
Missing character: There is no a in font nullfont!
Missing character: There is no M in font nullfont!
Missing character: There is no e in font nullfont!
Missing character: There is no t in font nullfont!
Missing character: There is no r in font nullfont!
Missing character: There is no o in font nullfont!
Missing character: There is no p in font nullfont!
Missing character: There is no o in font nullfont!
Missing character: There is no l in font nullfont!
Missing character: There is no i in font nullfont!
Missing character: There is no t in font nullfont!
Missing character: There is no a in font nullfont!
Missing character: There is no n in font nullfont!
Missing character: There is no a in font nullfont!
Missing character: There is no u in font nullfont!
Missing character: There is no n in font nullfont!
Missing character: There is no i in font nullfont!
Missing character: There is no d in font nullfont!
Missing character: There is no a in font nullfont!
Missing character: There is no d in font nullfont!
Missing character: There is no I in font nullfont!
Missing character: There is no z in font nullfont!
Missing character: There is no t in font nullfont!
Missing character: There is no a in font nullfont!
Missing character: There is no p in font nullfont!
Missing character: There is no a in font nullfont!
Missing character: There is no l in font nullfont!
Missing character: There is no a in font nullfont!
Missing character: There is no p in font nullfont!
Missing character: There is no a in font nullfont!
Missing character: There is no , in font nullfont!
Missing character: There is no p in font nullfont!
Missing character: There is no o in font nullfont!
Missing character: There is no r in font nullfont!
Missing character: There is no l in font nullfont!
Missing character: There is no a in font nullfont!
Missing character: There is no s in font nullfont!
Missing character: There is no f in font nullfont!
Missing character: There is no a in font nullfont!
Missing character: There is no c in font nullfont!
Missing character: There is no i in font nullfont!
Missing character: There is no l in font nullfont!
Missing character: There is no i in font nullfont!
Missing character: There is no d in font nullfont!
Missing character: There is no a in font nullfont!
Missing character: There is no d in font nullfont!
Missing character: There is no e in font nullfont!
Missing character: There is no s in font nullfont!
Missing character: There is no p in font nullfont!
Missing character: There is no r in font nullfont!
Missing character: There is no e in font nullfont!
Missing character: There is no s in font nullfont!
Missing character: There is no t in font nullfont!
Missing character: There is no a in font nullfont!
Missing character: There is no d in font nullfont!
Missing character: There is no a in font nullfont!
Missing character: There is no s in font nullfont!
Missing character: There is no p in font nullfont!
Missing character: There is no a in font nullfont!
Missing character: There is no r in font nullfont!
Missing character: There is no a in font nullfont!
Missing character: There is no e in font nullfont!
Missing character: There is no l in font nullfont!
Missing character: There is no d in font nullfont!
Missing character: There is no e in font nullfont!
Missing character: There is no s in font nullfont!
Missing character: There is no a in font nullfont!
Missing character: There is no r in font nullfont!
Missing character: There is no r in font nullfont!
Missing character: There is no o in font nullfont!
Missing character: There is no l in font nullfont!
Missing character: There is no l in font nullfont!
Missing character: There is no o in font nullfont!
Missing character: There is no d in font nullfont!
Missing character: There is no e in font nullfont!
Missing character: There is no e in font nullfont!
Missing character: There is no s in font nullfont!
Missing character: There is no t in font nullfont!
Missing character: There is no e in font nullfont!
Missing character: There is no t in font nullfont!
Missing character: There is no r in font nullfont!
Missing character: There is no a in font nullfont!
Missing character: There is no b in font nullfont!
Missing character: There is no a in font nullfont!
Missing character: There is no j in font nullfont!
Missing character: There is no o in font nullfont!
Missing character: There is no . in font nullfont!

Overfull \hbox (20.0pt too wide) in paragraph at lines 11--12
[]
 []


! LaTeX Error: Missing \begin{document}.

See the LaTeX manual or LaTeX Companion for explanation.
Type  H <return>  for immediate help.
 ...                                              
                                                  
l.13 A
       mis profesores que me han compartido sus conocimientos durante cada c...

You're in trouble here.  Try typing  <return>  to proceed.
If that doesn't work, type  X <return>  to quit.

Missing character: There is no A in font nullfont!
Missing character: There is no m in font nullfont!
Missing character: There is no i in font nullfont!
Missing character: There is no s in font nullfont!
Missing character: There is no p in font nullfont!
Missing character: There is no r in font nullfont!
Missing character: There is no o in font nullfont!
Missing character: There is no f in font nullfont!
Missing character: There is no e in font nullfont!
Missing character: There is no s in font nullfont!
Missing character: There is no o in font nullfont!
Missing character: There is no r in font nullfont!
Missing character: There is no e in font nullfont!
Missing character: There is no s in font nullfont!
Missing character: There is no q in font nullfont!
Missing character: There is no u in font nullfont!
Missing character: There is no e in font nullfont!
Missing character: There is no m in font nullfont!
Missing character: There is no e in font nullfont!
Missing character: There is no h in font nullfont!
Missing character: There is no a in font nullfont!
Missing character: There is no n in font nullfont!
Missing character: There is no c in font nullfont!
Missing character: There is no o in font nullfont!
Missing character: There is no m in font nullfont!
Missing character: There is no p in font nullfont!
Missing character: There is no a in font nullfont!
Missing character: There is no r in font nullfont!
Missing character: There is no t in font nullfont!
Missing character: There is no i in font nullfont!
Missing character: There is no d in font nullfont!
Missing character: There is no o in font nullfont!
Missing character: There is no s in font nullfont!
Missing character: There is no u in font nullfont!
Missing character: There is no s in font nullfont!
Missing character: There is no c in font nullfont!
Missing character: There is no o in font nullfont!
Missing character: There is no n in font nullfont!
Missing character: There is no o in font nullfont!
Missing character: There is no c in font nullfont!
Missing character: There is no i in font nullfont!
Missing character: There is no m in font nullfont!
Missing character: There is no i in font nullfont!
Missing character: There is no e in font nullfont!
Missing character: There is no n in font nullfont!
Missing character: There is no t in font nullfont!
Missing character: There is no o in font nullfont!
Missing character: There is no s in font nullfont!
Missing character: There is no d in font nullfont!
Missing character: There is no u in font nullfont!
Missing character: There is no r in font nullfont!
Missing character: There is no a in font nullfont!
Missing character: There is no n in font nullfont!
Missing character: There is no t in font nullfont!
Missing character: There is no e in font nullfont!
Missing character: There is no c in font nullfont!
Missing character: There is no a in font nullfont!
Missing character: There is no d in font nullfont!
Missing character: There is no a in font nullfont!
Missing character: There is no c in font nullfont!
Missing character: There is no l in font nullfont!
Missing character: There is no a in font nullfont!
Missing character: There is no s in font nullfont!
Missing character: There is no e in font nullfont!
Missing character: There is no y in font nullfont!
Missing character: There is no a in font nullfont!
Missing character: There is no ú in font nullfont!
Missing character: There is no n in font nullfont!
Missing character: There is no f in font nullfont!
Missing character: There is no u in font nullfont!
Missing character: There is no e in font nullfont!
Missing character: There is no r in font nullfont!
Missing character: There is no a in font nullfont!
Missing character: There is no d in font nullfont!
Missing character: There is no e in font nullfont!
Missing character: There is no e in font nullfont!
Missing character: There is no l in font nullfont!
Missing character: There is no l in font nullfont!
Missing character: There is no a in font nullfont!
Missing character: There is no s in font nullfont!
Missing character: There is no . in font nullfont!
Missing character: There is no Y in font nullfont!
Missing character: There is no p in font nullfont!
Missing character: There is no o in font nullfont!
Missing character: There is no r in font nullfont!
Missing character: There is no s in font nullfont!
Missing character: There is no u in font nullfont!
Missing character: There is no p in font nullfont!
Missing character: There is no u in font nullfont!
Missing character: There is no e in font nullfont!
Missing character: There is no s in font nullfont!
Missing character: There is no t in font nullfont!
Missing character: There is no o in font nullfont!
Missing character: There is no , in font nullfont!
Missing character: There is no a in font nullfont!
Missing character: There is no m in font nullfont!
Missing character: There is no i in font nullfont!
Missing character: There is no s in font nullfont!
Missing character: There is no c in font nullfont!
Missing character: There is no o in font nullfont!
Missing character: There is no m in font nullfont!
Missing character: There is no p in font nullfont!
Missing character: There is no a in font nullfont!
Missing character: There is no ñ in font nullfont!
Missing character: There is no e in font nullfont!
Missing character: There is no r in font nullfont!
Missing character: There is no o in font nullfont!
Missing character: There is no s in font nullfont!
Missing character: There is no d in font nullfont!
Missing character: There is no e in font nullfont!
Missing character: There is no l in font nullfont!
Missing character: There is no a in font nullfont!
Missing character: There is no M in font nullfont!
Missing character: There is no C in font nullfont!
Missing character: There is no y in font nullfont!
Missing character: There is no T in font nullfont!
Missing character: There is no I in font nullfont!
Missing character: There is no , in font nullfont!
Missing character: There is no c in font nullfont!
Missing character: There is no o in font nullfont!
Missing character: There is no n in font nullfont!
Missing character: There is no q in font nullfont!
Missing character: There is no u in font nullfont!
Missing character: There is no i in font nullfont!
Missing character: There is no e in font nullfont!
Missing character: There is no n in font nullfont!
Missing character: There is no e in font nullfont!
Missing character: There is no s in font nullfont!
Missing character: There is no c in font nullfont!
Missing character: There is no o in font nullfont!
Missing character: There is no m in font nullfont!
Missing character: There is no p in font nullfont!
Missing character: There is no a in font nullfont!
Missing character: There is no r in font nullfont!
Missing character: There is no t in font nullfont!
Missing character: There is no í in font nullfont!
Missing character: There is no m in font nullfont!
Missing character: There is no o in font nullfont!
Missing character: There is no m in font nullfont!
Missing character: There is no e in font nullfont!
Missing character: There is no n in font nullfont!
Missing character: There is no t in font nullfont!
Missing character: There is no o in font nullfont!
Missing character: There is no s in font nullfont!
Missing character: There is no d in font nullfont!
Missing character: There is no e in font nullfont!
Missing character: There is no e in font nullfont!
Missing character: There is no s in font nullfont!
Missing character: There is no t in font nullfont!
Missing character: There is no u in font nullfont!
Missing character: There is no d in font nullfont!
Missing character: There is no i in font nullfont!
Missing character: There is no o in font nullfont!
Missing character: There is no y in font nullfont!
Missing character: There is no d in font nullfont!
Missing character: There is no e in font nullfont!
Missing character: There is no d in font nullfont!
Missing character: There is no i in font nullfont!
Missing character: There is no v in font nullfont!
Missing character: There is no e in font nullfont!
Missing character: There is no r in font nullfont!
Missing character: There is no s in font nullfont!
Missing character: There is no i in font nullfont!
Missing character: There is no ó in font nullfont!
Missing character: There is no n in font nullfont!
Missing character: There is no . in font nullfont!

Overfull \hbox (20.0pt too wide) in paragraph at lines 13--14
[]
 []


! LaTeX Error: The font size command \normalsize is not defined:
               there is probably something wrong with the class file.

See the LaTeX manual or LaTeX Companion for explanation.
Type  H <return>  for immediate help.
 ...                                              
                                                  
l.15 \newpage
             
Your command was ignored.
Type  I <command> <return>  to replace it with another command,
or  <return>  to continue without it.

[1]

! LaTeX Error: Missing \begin{document}.

See the LaTeX manual or LaTeX Companion for explanation.
Type  H <return>  for immediate help.
 ...                                              
                                                  
l.17 \begin{center}
                   
You're in trouble here.  Try typing  <return>  to proceed.
If that doesn't work, type  X <return>  to quit.


Overfull \hbox (20.0pt too wide) in paragraph at lines 17--17
[] 
 []

LaTeX Font Info:    External font `cmex10' loaded for size
(Font)              <7> on input line 18.
LaTeX Font Info:    External font `cmex10' loaded for size
(Font)              <5> on input line 18.

Overfull \hbox (5.55557pt too wide) in paragraph at lines 18--21
 \OMS/cmsy/m/n/10   
 []


Overfull \hbox (5.55557pt too wide) in paragraph at lines 18--21
 \OMS/cmsy/m/n/10   
 []


Overfull \hbox (5.55557pt too wide) in paragraph at lines 18--21
 \OMS/cmsy/m/n/10   
 []


Overfull \hbox (5.55557pt too wide) in paragraph at lines 18--21
 \OMS/cmsy/m/n/10   
 []


Overfull \hbox (5.55557pt too wide) in paragraph at lines 18--21
 \OMS/cmsy/m/n/10   
 []


Overfull \hbox (5.55557pt too wide) in paragraph at lines 18--21
 \OMS/cmsy/m/n/10   
 []


Overfull \hbox (10.00003pt too wide) in paragraph at lines 18--21
 \OMS/cmsy/m/n/10   
 []


Overfull \hbox (10.00003pt too wide) in paragraph at lines 18--21
 \OMS/cmsy/m/n/10   
 []


Overfull \hbox (10.00003pt too wide) in paragraph at lines 18--21
 \OMS/cmsy/m/n/10   
 []


Overfull \hbox (30.00005pt too wide) in paragraph at lines 18--21
 \OMS/cmsy/m/n/10 111$ 
 []


Overfull \hbox (35.00006pt too wide) in paragraph at lines 18--21
 \OMS/cmsy/m/n/10 111  
 []


Overfull \hbox (10.00003pt too wide) in paragraph at lines 18--21
 \OMS/cmsy/m/n/10   
 []


Overfull \hbox (10.00003pt too wide) in paragraph at lines 18--21
 \OMS/cmsy/m/n/10   
 []


Overfull \hbox (7.7778pt too wide) in paragraph at lines 18--21
 \OMS/cmsy/m/n/10   
 []


Overfull \hbox (5.55557pt too wide) in paragraph at lines 18--21
 \OMS/cmsy/m/n/10   
 []


Overfull \hbox (5.55557pt too wide) in paragraph at lines 18--21
 \OMS/cmsy/m/n/10   
 []


Overfull \hbox (5.55557pt too wide) in paragraph at lines 18--21
 \OMS/cmsy/m/n/10   
 []


Overfull \hbox (5.55557pt too wide) in paragraph at lines 18--21
 \OMS/cmsy/m/n/10   
 []


Overfull \hbox (5.55557pt too wide) in paragraph at lines 18--21
 \OMS/cmsy/m/n/10   
 []


Overfull \hbox (2.77779pt too wide) in paragraph at lines 18--21
 \OMS/cmsy/m/n/10 $ 
 []

Missing character: There is no á in font cmti10!

Overfull \hbox (20.0pt too wide) in paragraph at lines 25--28
[]
 []


Overfull \hbox (10.87213pt too wide) in paragraph at lines 25--28
\OT1/cmr/m/it/10 La
 []


Overfull \hbox (24.14978pt too wide) in paragraph at lines 25--28
\OT1/cmr/m/it/10 ciber-
 []


Overfull \hbox (12.77766pt too wide) in paragraph at lines 25--28
\OT1/cmr/m/it/10 co-
 []


Overfull \hbox (17.12212pt too wide) in paragraph at lines 25--28
\OT1/cmr/m/it/10 mu-
 []


Overfull \hbox (24.0221pt too wide) in paragraph at lines 25--28
\OT1/cmr/m/it/10 nidad
 []


Overfull \hbox (14.31102pt too wide) in paragraph at lines 25--28
\OT1/cmr/m/it/10 na-
 []


Overfull \hbox (25.81091pt too wide) in paragraph at lines 25--28
\OT1/cmr/m/it/10 ciente
 []


Overfull \hbox (13.7999pt too wide) in paragraph at lines 25--28
\OT1/cmr/m/it/10 en-
 []


Overfull \hbox (23.7665pt too wide) in paragraph at lines 25--28
\OT1/cmr/m/it/10 cuen-
 []


Overfull \hbox (12.13878pt too wide) in paragraph at lines 25--28
\OT1/cmr/m/it/10 tra
 []


Overfull \hbox (20.3165pt too wide) in paragraph at lines 25--28
\OT1/cmr/m/it/10 refu-
 []


Overfull \hbox (12.7777pt too wide) in paragraph at lines 25--28
\OT1/cmr/m/it/10 gio
 []


Overfull \hbox (10.22215pt too wide) in paragraph at lines 25--28
\OT1/cmr/m/it/10 en
 []


Overfull \hbox (7.66663pt too wide) in paragraph at lines 25--28
\OT1/cmr/m/it/10 la
 []


Overfull \hbox (11.88321pt too wide) in paragraph at lines 25--28
\OT1/cmr/m/it/10 re-
 []


Overfull \hbox (11.24437pt too wide) in paragraph at lines 25--28
\OT1/cmr/m/it/10 al-
 []


Overfull \hbox (6.6444pt too wide) in paragraph at lines 25--28
\OT1/cmr/m/it/10 i-
 []


Overfull \hbox (15.33325pt too wide) in paragraph at lines 25--28
\OT1/cmr/m/it/10 dad
 []


Overfull \hbox (15.46098pt too wide) in paragraph at lines 25--28
\OT1/cmr/m/it/10 vir-
 []


Overfull \hbox (19.4221pt too wide) in paragraph at lines 25--28
\OT1/cmr/m/it/10 tual, 
 []


Overfull \hbox (37.69418pt too wide) in paragraph at lines 25--28
\OT1/cmr/m/it/10 mientras
 []


Overfull \hbox (11.7555pt too wide) in paragraph at lines 25--28
\OT1/cmr/m/it/10 las
 []


Overfull \hbox (16.611pt too wide) in paragraph at lines 25--28
\OT1/cmr/m/it/10 ciu-
 []


Overfull \hbox (24.02208pt too wide) in paragraph at lines 25--28
\OT1/cmr/m/it/10 dades
 []


Overfull \hbox (20.18874pt too wide) in paragraph at lines 25--28
\OT1/cmr/m/it/10 tien-
 []


Overfull \hbox (15.33324pt too wide) in paragraph at lines 25--28
\OT1/cmr/m/it/10 den
 []


Overfull \hbox (5.11108pt too wide) in paragraph at lines 25--28
\OT1/cmr/m/it/10 a
 []


Overfull \hbox (18.39986pt too wide) in paragraph at lines 25--28
\OT1/cmr/m/it/10 con-
 []


Overfull \hbox (16.9943pt too wide) in paragraph at lines 25--28
\OT1/cmr/m/it/10 ver-
 []


Overfull \hbox (19.2943pt too wide) in paragraph at lines 25--28
\OT1/cmr/m/it/10 tirse
 []


Overfull \hbox (10.22215pt too wide) in paragraph at lines 25--28
\OT1/cmr/m/it/10 en
 []


Overfull \hbox (12.26659pt too wide) in paragraph at lines 25--28
\OT1/cmr/m/it/10 in-
 []


Overfull \hbox (21.97763pt too wide) in paragraph at lines 25--28
\OT1/cmr/m/it/10 men-
 []


Overfull \hbox (13.28882pt too wide) in paragraph at lines 25--28
\OT1/cmr/m/it/10 sos
 []


Overfull \hbox (13.28879pt too wide) in paragraph at lines 25--28
\OT1/cmr/m/it/10 de-
 []


Overfull \hbox (19.54985pt too wide) in paragraph at lines 25--28
\OT1/cmr/m/it/10 sier-
 []


Overfull \hbox (12.52214pt too wide) in paragraph at lines 25--28
\OT1/cmr/m/it/10 tos
 []


Overfull \hbox (25.0443pt too wide) in paragraph at lines 25--28
\OT1/cmr/m/it/10 llenos
 []


Overfull \hbox (9.71104pt too wide) in paragraph at lines 25--28
\OT1/cmr/m/it/10 de
 []


Overfull \hbox (25.81091pt too wide) in paragraph at lines 25--28
\OT1/cmr/m/it/10 gente, 
 []


Overfull \hbox (25.5554pt too wide) in paragraph at lines 25--28
\OT1/cmr/m/it/10 donde
 []


Overfull \hbox (19.42209pt too wide) in paragraph at lines 25--28
\OT1/cmr/m/it/10 cada
 []


Overfull \hbox (17.63322pt too wide) in paragraph at lines 25--28
\OT1/cmr/m/it/10 cual
 []


Overfull \hbox (16.86655pt too wide) in paragraph at lines 25--28
\OT1/cmr/m/it/10 vela
 []


Overfull \hbox (13.92767pt too wide) in paragraph at lines 25--28
\OT1/cmr/m/it/10 por
 []


Overfull \hbox (9.4555pt too wide) in paragraph at lines 25--28
\OT1/cmr/m/it/10 su
 []


Overfull \hbox (23.25542pt too wide) in paragraph at lines 25--28
\OT1/cmr/m/it/10 santo
 []


Overfull \hbox (4.85551pt too wide) in paragraph at lines 25--28
\OT1/cmr/m/it/10 y
 []


Overfull \hbox (12.01102pt too wide) in paragraph at lines 25--28
\OT1/cmr/m/it/10 est
 []


Overfull \hbox (19.42209pt too wide) in paragraph at lines 25--28
\OT1/cmr/m/it/10 cada
 []


Overfull \hbox (17.63322pt too wide) in paragraph at lines 25--28
\OT1/cmr/m/it/10 cual
 []


Overfull \hbox (29.3887pt too wide) in paragraph at lines 25--28
\OT1/cmr/m/it/10 metido
 []


Overfull \hbox (10.22215pt too wide) in paragraph at lines 25--28
\OT1/cmr/m/it/10 en
 []


Overfull \hbox (9.4555pt too wide) in paragraph at lines 25--28
\OT1/cmr/m/it/10 su
 []


Overfull \hbox (27.21649pt too wide) in paragraph at lines 25--28
\OT1/cmr/m/it/10 propia
 []


Overfull \hbox (17.76097pt too wide) in paragraph at lines 25--28
\OT1/cmr/m/it/10 bur-
 []


Overfull \hbox (18.91147pt too wide) in paragraph at lines 25--28
\OT1/cmr/m/it/10 buja 
 []


Overfull \hbox (5.55557pt too wide) in paragraph at lines 25--28
\OMS/cmsy/m/n/10  
 []


Overfull \hbox (5.55557pt too wide) in paragraph at lines 25--28
\OMS/cmsy/m/n/10 $
 []


Overfull \hbox (39.0151pt too wide) in paragraph at lines 25--28
\OML/cmm/m/it/10 Eduardo$
 []


Overfull \hbox (37.12068pt too wide) in paragraph at lines 25--28
\OML/cmm/m/it/10 Galeano$
 []


Overfull \hbox (5.55557pt too wide) in paragraph at lines 25--28
\OMS/cmsy/m/n/10  
 []


Overfull \hbox (5.55557pt too wide) in paragraph at lines 25--28
\OMS/cmsy/m/n/10 $ 
 []

Missing character: There is no ó in font cmti10!
Missing character: There is no á in font cmti10!
Missing character: There is no ó in font cmti10!

Overfull \hbox (10.87213pt too wide) in paragraph at lines 31--34
[]\OT1/cmr/m/it/10 La
 []


Overfull \hbox (17.63321pt too wide) in paragraph at lines 31--34
\OT1/cmr/m/it/10 nat-
 []


Overfull \hbox (8.94438pt too wide) in paragraph at lines 31--34
\OT1/cmr/m/it/10 u-
 []


Overfull \hbox (25.17204pt too wide) in paragraph at lines 31--34
\OT1/cmr/m/it/10 raleza
 []


Overfull \hbox (13.92767pt too wide) in paragraph at lines 31--34
\OT1/cmr/m/it/10 por
 []


Overfull \hbox (23.51096pt too wide) in paragraph at lines 31--34
\OT1/cmr/m/it/10 siem-
 []


Overfull \hbox (13.41655pt too wide) in paragraph at lines 31--34
\OT1/cmr/m/it/10 pre
 []


Overfull \hbox (26.57759pt too wide) in paragraph at lines 31--34
\OT1/cmr/m/it/10 fuente
 []


Overfull \hbox (9.71104pt too wide) in paragraph at lines 31--34
\OT1/cmr/m/it/10 de
 []


Overfull \hbox (12.26659pt too wide) in paragraph at lines 31--34
\OT1/cmr/m/it/10 in-
 []


Overfull \hbox (34.372pt too wide) in paragraph at lines 31--34
\OT1/cmr/m/it/10 spiracin
 []


Overfull \hbox (4.85551pt too wide) in paragraph at lines 31--34
\OT1/cmr/m/it/10 y
 []


Overfull \hbox (60.05515pt too wide) in paragraph at lines 31--34
\OT1/cmr/m/it/10 conocimiento,
 []


Overfull \hbox (11.75548pt too wide) in paragraph at lines 31--34
\OT1/cmr/m/it/10 di-
 []


Overfull \hbox (24.02208pt too wide) in paragraph at lines 31--34
\OT1/cmr/m/it/10 choso
 []


Overfull \hbox (23.2554pt too wide) in paragraph at lines 31--34
\OT1/cmr/m/it/10 quien
 []


Overfull \hbox (7.66663pt too wide) in paragraph at lines 31--34
\OT1/cmr/m/it/10 al
 []


Overfull \hbox (14.82213pt too wide) in paragraph at lines 31--34
\OT1/cmr/m/it/10 mi-
 []


Overfull \hbox (13.03322pt too wide) in paragraph at lines 31--34
\OT1/cmr/m/it/10 rar
 []


Overfull \hbox (7.66663pt too wide) in paragraph at lines 31--34
\OT1/cmr/m/it/10 la
 []


Overfull \hbox (18.52763pt too wide) in paragraph at lines 31--34
\OT1/cmr/m/it/10 obra
 []


Overfull \hbox (9.71104pt too wide) in paragraph at lines 31--34
\OT1/cmr/m/it/10 de
 []


Overfull \hbox (17.24986pt too wide) in paragraph at lines 31--34
\OT1/cmr/m/it/10 arte
 []


Overfull \hbox (12.2666pt too wide) in paragraph at lines 31--34
\OT1/cmr/m/it/10 ms
 []


Overfull \hbox (16.9943pt too wide) in paragraph at lines 31--34
\OT1/cmr/m/it/10 per-
 []


Overfull \hbox (20.18872pt too wide) in paragraph at lines 31--34
\OT1/cmr/m/it/10 fecta
 []


Overfull \hbox (24.66087pt too wide) in paragraph at lines 31--34
\OT1/cmr/m/it/10 reciba
 []


Overfull \hbox (7.1555pt too wide) in paragraph at lines 31--34
\OT1/cmr/m/it/10 el
 []


Overfull \hbox (15.84436pt too wide) in paragraph at lines 31--34
\OT1/cmr/m/it/10 don
 []


Overfull \hbox (9.71104pt too wide) in paragraph at lines 31--34
\OT1/cmr/m/it/10 de
 []


Overfull \hbox (13.7999pt too wide) in paragraph at lines 31--34
\OT1/cmr/m/it/10 en-
 []


Overfull \hbox (17.12209pt too wide) in paragraph at lines 31--34
\OT1/cmr/m/it/10 ten-
 []


Overfull \hbox (21.5943pt too wide) in paragraph at lines 31--34
\OT1/cmr/m/it/10 derla
 []


Overfull \hbox (4.85551pt too wide) in paragraph at lines 31--34
\OT1/cmr/m/it/10 y
 []


Overfull \hbox (11.88321pt too wide) in paragraph at lines 31--34
\OT1/cmr/m/it/10 re-
 []


Overfull \hbox (17.50542pt too wide) in paragraph at lines 31--34
\OT1/cmr/m/it/10 pro-
 []


Overfull \hbox (30.02759pt too wide) in paragraph at lines 31--34
\OT1/cmr/m/it/10 ducirla
 []


Overfull \hbox (22.48874pt too wide) in paragraph at lines 31--34
\OT1/cmr/m/it/10 como
 []


Overfull \hbox (21.4665pt too wide) in paragraph at lines 31--34
\OT1/cmr/m/it/10 cien-
 []


Overfull \hbox (15.84435pt too wide) in paragraph at lines 31--34
\OT1/cmr/m/it/10 cia,
 []


Overfull \hbox (4.85551pt too wide) in paragraph at lines 31--34
\OT1/cmr/m/it/10 y
 []


Overfull \hbox (12.90546pt too wide) in paragraph at lines 31--34
\OT1/cmr/m/it/10 ser
 []


Overfull \hbox (20.9554pt too wide) in paragraph at lines 31--34
\OT1/cmr/m/it/10 com-
 []


Overfull \hbox (17.50542pt too wide) in paragraph at lines 31--34
\OT1/cmr/m/it/10 par-
 []


Overfull \hbox (16.61101pt too wide) in paragraph at lines 31--34
\OT1/cmr/m/it/10 tida
 []


Overfull \hbox (14.82211pt too wide) in paragraph at lines 31--34
\OT1/cmr/m/it/10 con
 []


Overfull \hbox (23.25539pt too wide) in paragraph at lines 31--34
\OT1/cmr/m/it/10 aque-
 []


Overfull \hbox (6.13329pt too wide) in paragraph at lines 31--34
\OT1/cmr/m/it/10 l-
 []


Overfull \hbox (11.7555pt too wide) in paragraph at lines 31--34
\OT1/cmr/m/it/10 los
 []


Overfull \hbox (14.56656pt too wide) in paragraph at lines 31--34
\OT1/cmr/m/it/10 que
 []


Overfull \hbox (27.08873pt too wide) in paragraph at lines 31--34
\OT1/cmr/m/it/10 hemos
 []


Overfull \hbox (25.5554pt too wide) in paragraph at lines 31--34
\OT1/cmr/m/it/10 olvido
 []


Overfull \hbox (14.82213pt too wide) in paragraph at lines 31--34
\OT1/cmr/m/it/10 mi-
 []


Overfull \hbox (13.03322pt too wide) in paragraph at lines 31--34
\OT1/cmr/m/it/10 rar
 []


Overfull \hbox (4.85551pt too wide) in paragraph at lines 31--34
\OT1/cmr/m/it/10 y
 []


Overfull \hbox (17.63321pt too wide) in paragraph at lines 31--34
\OT1/cmr/m/it/10 bus-
 []


Overfull \hbox (13.41655pt too wide) in paragraph at lines 31--34
\OT1/cmr/m/it/10 car
 []


Overfull \hbox (14.56657pt too wide) in paragraph at lines 31--34
\OT1/cmr/m/it/10 ilu-
 []


Overfull \hbox (14.82213pt too wide) in paragraph at lines 31--34
\OT1/cmr/m/it/10 mi-
 []


Overfull \hbox (24.02208pt too wide) in paragraph at lines 31--34
\OT1/cmr/m/it/10 nacin
 []


Overfull \hbox (10.22215pt too wide) in paragraph at lines 31--34
\OT1/cmr/m/it/10 en
 []


Overfull \hbox (7.66663pt too wide) in paragraph at lines 31--34
\OT1/cmr/m/it/10 la
 []


Overfull \hbox (26.57759pt too wide) in paragraph at lines 31--34
\OT1/cmr/m/it/10 fuente
 []


Overfull \hbox (9.71104pt too wide) in paragraph at lines 31--34
\OT1/cmr/m/it/10 de
 []


Overfull \hbox (7.66663pt too wide) in paragraph at lines 31--34
\OT1/cmr/m/it/10 la
 []


Overfull \hbox (15.0777pt too wide) in paragraph at lines 31--34
\OT1/cmr/m/it/10 luz. 
 []


Overfull \hbox (5.55557pt too wide) in paragraph at lines 31--34
\OMS/cmsy/m/n/10  
 []


Overfull \hbox (5.55557pt too wide) in paragraph at lines 31--34
\OMS/cmsy/m/n/10 $
 []


Overfull \hbox (31.12715pt too wide) in paragraph at lines 31--34
\OML/cmm/m/it/10 Daniel$
 []


Overfull \hbox (31.00238pt too wide) in paragraph at lines 31--34
\OML/cmm/m/it/10 Torres$
 []


Overfull \hbox (5.55557pt too wide) in paragraph at lines 31--34
\OMS/cmsy/m/n/10  
 []


Overfull \hbox (5.55557pt too wide) in paragraph at lines 31--34
\OMS/cmsy/m/n/10 $ 
 []


Overfull \hbox (20.0pt too wide) in paragraph at lines 38--38
[] 
 []


Overfull \hbox (5.55557pt too wide) in paragraph at lines 39--42
 \OMS/cmsy/m/n/10   
 []


Overfull \hbox (5.55557pt too wide) in paragraph at lines 39--42
 \OMS/cmsy/m/n/10   
 []


Overfull \hbox (5.55557pt too wide) in paragraph at lines 39--42
 \OMS/cmsy/m/n/10   
 []


Overfull \hbox (5.55557pt too wide) in paragraph at lines 39--42
 \OMS/cmsy/m/n/10   
 []


Overfull \hbox (5.55557pt too wide) in paragraph at lines 39--42
 \OMS/cmsy/m/n/10   
 []


Overfull \hbox (5.55557pt too wide) in paragraph at lines 39--42
 \OMS/cmsy/m/n/10   
 []


Overfull \hbox (10.00003pt too wide) in paragraph at lines 39--42
 \OMS/cmsy/m/n/10   
 []


Overfull \hbox (10.00003pt too wide) in paragraph at lines 39--42
 \OMS/cmsy/m/n/10   
 []


Overfull \hbox (10.00003pt too wide) in paragraph at lines 39--42
 \OMS/cmsy/m/n/10   
 []


Overfull \hbox (30.00005pt too wide) in paragraph at lines 39--42
 \OMS/cmsy/m/n/10 111$ 
 []


Overfull \hbox (35.00006pt too wide) in paragraph at lines 39--42
 \OMS/cmsy/m/n/10 111  
 []


Overfull \hbox (10.00003pt too wide) in paragraph at lines 39--42
 \OMS/cmsy/m/n/10   
 []


Overfull \hbox (10.00003pt too wide) in paragraph at lines 39--42
 \OMS/cmsy/m/n/10   
 []


Overfull \hbox (7.7778pt too wide) in paragraph at lines 39--42
 \OMS/cmsy/m/n/10   
 []


Overfull \hbox (5.55557pt too wide) in paragraph at lines 39--42
 \OMS/cmsy/m/n/10   
 []


Overfull \hbox (5.55557pt too wide) in paragraph at lines 39--42
 \OMS/cmsy/m/n/10   
 []


Overfull \hbox (5.55557pt too wide) in paragraph at lines 39--42
 \OMS/cmsy/m/n/10   
 []


Overfull \hbox (5.55557pt too wide) in paragraph at lines 39--42
 \OMS/cmsy/m/n/10   
 []


Overfull \hbox (5.55557pt too wide) in paragraph at lines 39--42
 \OMS/cmsy/m/n/10   
 []


Overfull \hbox (2.77779pt too wide) in paragraph at lines 39--42
 \OMS/cmsy/m/n/10 $ 
 []

)
! Emergency stop.
<*> ...CyTI/Tesis/tesis/Extras/agradecimientos.tex
                                                  
*** (job aborted, no legal \end found)

 
Here is how much of TeX's memory you used:
 13 strings out of 494053
 310 string characters out of 3146183
 53862 words of memory out of 3000000
 3399 multiletter control sequences out of 15000+200000
 3986 words of font info for 15 fonts, out of 3000000 for 9000
 715 hyphenation exceptions out of 8191
 19i,4n,14p,372b,113s stack positions out of 5000i,500n,10000p,200000b,50000s
!  ==> Fatal error occurred, no output PDF file produced!
